<?xml version="1.0" encoding="UTF-8"?>
<robot generator="Robot 3.1.2 (Python 3.7.6 on darwin)" generated="20200209 23:11:05.187" rpa="false">
<suite id="s1" name="Tests" source="/Users/Aloknag/PycharmProjects/FlaskyTest/tests">
<suite id="s1-s1" name="TS 01 login feature" source="/Users/Aloknag/PycharmProjects/FlaskyTest/tests/TS_01_login_feature">
<suite id="s1-s1-s1" name="Ts 01 Valid Login Test" source="/Users/Aloknag/PycharmProjects/FlaskyTest/tests/TS_01_login_feature/ts_01_valid_login_test.robot">
<test id="s1-s1-s1-t1" name="TC_01 Login As Registered User And Verify Details Are Displayed">
<kw name="Open Browser" library="SeleniumLibrary" type="setup">
<doc>Opens a new browser instance to the optional ``url``.</doc>
<arguments>
<arg>${BASE_URL}</arg>
<arg>${BROWSER}</arg>
<arg>Set Selenium Parameters</arg>
</arguments>
<msg timestamp="20200209 23:11:05.425" level="INFO">Opening browser 'headlesschrome' to base url 'http://localhost:8080/'.</msg>
<status status="PASS" starttime="20200209 23:11:05.425" endtime="20200209 23:11:06.840"></status>
</kw>
<kw name="Is Home Page Displayed" library="homepage">
<kw name="Title Should Be" library="SeleniumLibrary">
<doc>Verifies that the current page title equals ``title``.</doc>
<arguments>
<arg>${home_page_title}</arg>
<arg>message=title did not match, we are not on index page</arg>
</arguments>
<msg timestamp="20200209 23:11:06.846" level="INFO">Page title is 'index page - Demo App'.</msg>
<status status="PASS" starttime="20200209 23:11:06.842" endtime="20200209 23:11:06.846"></status>
</kw>
<status status="PASS" starttime="20200209 23:11:06.841" endtime="20200209 23:11:06.847"></status>
</kw>
<kw name="Go To Login Page" library="homepage">
<kw name="Wait Until Page Contains Element" library="SeleniumLibrary">
<doc>Waits until the element ``locator`` appears on the current page.</doc>
<arguments>
<arg>${hp_login}</arg>
</arguments>
<status status="PASS" starttime="20200209 23:11:06.848" endtime="20200209 23:11:06.861"></status>
</kw>
<kw name="Click Element" library="SeleniumLibrary">
<doc>Click the element identified by ``locator``.</doc>
<arguments>
<arg>${hp_login}</arg>
</arguments>
<msg timestamp="20200209 23:11:06.861" level="INFO">Clicking element 'xpath=//a[contains(text(), 'Log In')]'.</msg>
<status status="PASS" starttime="20200209 23:11:06.861" endtime="20200209 23:11:06.934"></status>
</kw>
<status status="PASS" starttime="20200209 23:11:06.847" endtime="20200209 23:11:06.935"></status>
</kw>
<kw name="Is Login Page Displayed" library="loginpage">
<kw name="Title Should Be" library="SeleniumLibrary">
<doc>Verifies that the current page title equals ``title``.</doc>
<arguments>
<arg>${login_page_title}</arg>
<arg>message=title did not match, we are not on login page</arg>
</arguments>
<msg timestamp="20200209 23:11:06.949" level="INFO">Page title is 'Log In - Demo App'.</msg>
<status status="PASS" starttime="20200209 23:11:06.935" endtime="20200209 23:11:06.950"></status>
</kw>
<kw name="Get Location" library="SeleniumLibrary">
<doc>Returns the current browser window URL.</doc>
<assign>
<var>${lp_location}</var>
</assign>
<msg timestamp="20200209 23:11:06.955" level="INFO">${lp_location} = http://localhost:8080/login</msg>
<status status="PASS" starttime="20200209 23:11:06.951" endtime="20200209 23:11:06.955"></status>
</kw>
<kw name="Should Contain" library="BuiltIn">
<doc>Fails if ``container`` does not contain ``item`` one or more times.</doc>
<arguments>
<arg>${lp_location}</arg>
<arg>${login_page_url}</arg>
</arguments>
<status status="PASS" starttime="20200209 23:11:06.956" endtime="20200209 23:11:06.956"></status>
</kw>
<status status="PASS" starttime="20200209 23:11:06.935" endtime="20200209 23:11:06.957"></status>
</kw>
<kw name="Login As User ${valid_username} With Password ${valid_password}" library="loginpage">
<kw name="Log" library="BuiltIn">
<doc>Logs the given message with the given level.</doc>
<arguments>
<arg>User=${user}, and Pass=${pass}</arg>
</arguments>
<msg timestamp="20200209 23:11:06.958" level="INFO">User=alok, and Pass=demo123</msg>
<status status="PASS" starttime="20200209 23:11:06.957" endtime="20200209 23:11:06.958"></status>
</kw>
<kw name="Scroll Element Into View" library="SeleniumLibrary">
<doc>Scrolls the element identified by ``locator`` into view.</doc>
<arguments>
<arg>${lp_username}</arg>
</arguments>
<status status="PASS" starttime="20200209 23:11:06.959" endtime="20200209 23:11:07.225"></status>
</kw>
<kw name="Input Text" library="SeleniumLibrary">
<doc>Types the given ``text`` into the text field identified by ``locator``.</doc>
<arguments>
<arg>${lp_username}</arg>
<arg>${user}</arg>
</arguments>
<msg timestamp="20200209 23:11:07.226" level="INFO">Typing text 'alok' into text field 'id=username'.</msg>
<status status="PASS" starttime="20200209 23:11:07.226" endtime="20200209 23:11:07.292"></status>
</kw>
<kw name="Scroll Element Into View" library="SeleniumLibrary">
<doc>Scrolls the element identified by ``locator`` into view.</doc>
<arguments>
<arg>${lp_password}</arg>
</arguments>
<status status="PASS" starttime="20200209 23:11:07.293" endtime="20200209 23:11:07.556"></status>
</kw>
<kw name="Input Text" library="SeleniumLibrary">
<doc>Types the given ``text`` into the text field identified by ``locator``.</doc>
<arguments>
<arg>${lp_password}</arg>
<arg>${pass}</arg>
</arguments>
<msg timestamp="20200209 23:11:07.556" level="INFO">Typing text 'demo123' into text field 'id=password'.</msg>
<status status="PASS" starttime="20200209 23:11:07.556" endtime="20200209 23:11:07.608"></status>
</kw>
<kw name="Click Element" library="SeleniumLibrary">
<doc>Click the element identified by ``locator``.</doc>
<arguments>
<arg>${lp_submit}</arg>
</arguments>
<msg timestamp="20200209 23:11:07.609" level="INFO">Clicking element 'xpath=//input[@value='Log In']'.</msg>
<status status="PASS" starttime="20200209 23:11:07.609" endtime="20200209 23:11:07.719"></status>
</kw>
<status status="PASS" starttime="20200209 23:11:06.957" endtime="20200209 23:11:07.719"></status>
</kw>
<kw name="Login Should Be Successful" library="loginpage">
<kw name="Wait Until Page Contains Element" library="SeleniumLibrary">
<doc>Waits until the element ``locator`` appears on the current page.</doc>
<arguments>
<arg>${lp_loggedinText}</arg>
</arguments>
<status status="PASS" starttime="20200209 23:11:07.720" endtime="20200209 23:11:07.730"></status>
</kw>
<kw name="Page Should Contain Element" library="SeleniumLibrary">
<doc>Verifies that element ``locator`` is found on the current page.</doc>
<arguments>
<arg>${lp_loggedinText}</arg>
</arguments>
<msg timestamp="20200209 23:11:07.736" level="INFO">Current page contains element 'xpath=//h1[contains(text(), 'User Information')]'.</msg>
<status status="PASS" starttime="20200209 23:11:07.730" endtime="20200209 23:11:07.736"></status>
</kw>
<kw name="Get Cookie" library="SeleniumLibrary">
<doc>Returns information of cookie with ``name`` as an object.</doc>
<arguments>
<arg>session</arg>
</arguments>
<assign>
<var>${cookie}</var>
</assign>
<msg timestamp="20200209 23:11:07.743" level="INFO">${cookie} = name=session
value=eyJ1c2VyX2lkIjoxfQ.XkBEMw.pVi7LEaYcsZSOhdzrOW12Keun6I
path=/
domain=localhost
secure=False
httpOnly=True
expiry=None</msg>
<status status="PASS" starttime="20200209 23:11:07.736" endtime="20200209 23:11:07.743"></status>
</kw>
<kw name="Log" library="BuiltIn">
<doc>Logs the given message with the given level.</doc>
<arguments>
<arg>${cookie}</arg>
</arguments>
<msg timestamp="20200209 23:11:07.744" level="INFO">name=session
value=eyJ1c2VyX2lkIjoxfQ.XkBEMw.pVi7LEaYcsZSOhdzrOW12Keun6I
path=/
domain=localhost
secure=False
httpOnly=True
expiry=None</msg>
<status status="PASS" starttime="20200209 23:11:07.743" endtime="20200209 23:11:07.744"></status>
</kw>
<status status="PASS" starttime="20200209 23:11:07.720" endtime="20200209 23:11:07.745"></status>
</kw>
<kw name="Verify User Details" library="userdetailspage">
<arguments>
<arg>${valid_username}</arg>
<arg>${valid_firstname}</arg>
<arg>${valid_lastname}</arg>
<arg>${valid_phone_number}</arg>
</arguments>
<kw name="Element Text Should Be" library="SeleniumLibrary">
<doc>Verifies that element ``locator`` contains exact the text ``expected``.</doc>
<arguments>
<arg>${ud_username}</arg>
<arg>${user}</arg>
<arg>message=username did not match</arg>
</arguments>
<msg timestamp="20200209 23:11:07.746" level="INFO">Verifying element 'id=username' contains exact text 'alok'.</msg>
<status status="PASS" starttime="20200209 23:11:07.745" endtime="20200209 23:11:07.761"></status>
</kw>
<kw name="Element Text Should Be" library="SeleniumLibrary">
<doc>Verifies that element ``locator`` contains exact the text ``expected``.</doc>
<arguments>
<arg>${ud_firstname}</arg>
<arg>${fname}</arg>
<arg>message=firstname did not match</arg>
</arguments>
<msg timestamp="20200209 23:11:07.762" level="INFO">Verifying element 'id=firstname' contains exact text 'Alok'.</msg>
<kw name="Capture Page Screenshot" library="SeleniumLibrary">
<doc>Takes a screenshot of the current page and embeds it into a log file.</doc>
<msg timestamp="20200209 23:11:08.048" level="INFO" html="yes">&lt;/td&gt;&lt;/tr&gt;&lt;tr&gt;&lt;td colspan="3"&gt;&lt;a href="selenium-screenshot-1.png"&gt;&lt;img src="selenium-screenshot-1.png" width="800px"&gt;&lt;/a&gt;</msg>
<status status="PASS" starttime="20200209 23:11:07.779" endtime="20200209 23:11:08.049"></status>
</kw>
<msg timestamp="20200209 23:11:08.050" level="FAIL">firstname did not match</msg>
<status status="FAIL" starttime="20200209 23:11:07.761" endtime="20200209 23:11:08.050"></status>
</kw>
<status status="FAIL" starttime="20200209 23:11:07.745" endtime="20200209 23:11:08.050"></status>
</kw>
<kw name="Close All Browsers" library="SeleniumLibrary" type="teardown">
<doc>Closes all open browsers and resets the browser cache.</doc>
<status status="PASS" starttime="20200209 23:11:08.051" endtime="20200209 23:11:08.111"></status>
</kw>
<tags>
<tag>login_test</tag>
</tags>
<status status="FAIL" starttime="20200209 23:11:05.424" endtime="20200209 23:11:08.112" critical="yes">firstname did not match</status>
</test>
<doc>Test Cases related to valid user login</doc>
<status status="FAIL" starttime="20200209 23:11:05.276" endtime="20200209 23:11:08.116"></status>
</suite>
<suite id="s1-s1-s2" name="Ts 02 Invalid Login Tests" source="/Users/Aloknag/PycharmProjects/FlaskyTest/tests/TS_01_login_feature/ts_02_invalid_login_tests.robot">
<test id="s1-s1-s2-t1" name="TC_01 Invalid Login">
<kw name="Open Browser" library="SeleniumLibrary" type="setup">
<doc>Opens a new browser instance to the optional ``url``.</doc>
<arguments>
<arg>${BASE_URL}</arg>
<arg>${BROWSER}</arg>
<arg>Set Selenium Parameters</arg>
</arguments>
<msg timestamp="20200209 23:11:08.133" level="INFO">Opening browser 'headlesschrome' to base url 'http://localhost:8080/'.</msg>
<status status="PASS" starttime="20200209 23:11:08.133" endtime="20200209 23:11:09.506"></status>
</kw>
<kw name="Login As Invalid User And Verify Error Message" library="login_feature_keywords">
<arguments>
<arg>${ts02_invalid}</arg>
<arg>${valid_password}</arg>
</arguments>
<kw name="Go To Login Page" library="homepage">
<kw name="Wait Until Page Contains Element" library="SeleniumLibrary">
<doc>Waits until the element ``locator`` appears on the current page.</doc>
<arguments>
<arg>${hp_login}</arg>
</arguments>
<status status="PASS" starttime="20200209 23:11:09.509" endtime="20200209 23:11:09.523"></status>
</kw>
<kw name="Click Element" library="SeleniumLibrary">
<doc>Click the element identified by ``locator``.</doc>
<arguments>
<arg>${hp_login}</arg>
</arguments>
<msg timestamp="20200209 23:11:09.523" level="INFO">Clicking element 'xpath=//a[contains(text(), 'Log In')]'.</msg>
<status status="PASS" starttime="20200209 23:11:09.523" endtime="20200209 23:11:09.588"></status>
</kw>
<status status="PASS" starttime="20200209 23:11:09.508" endtime="20200209 23:11:09.589"></status>
</kw>
<kw name="Is Login Page Displayed" library="loginpage">
<kw name="Title Should Be" library="SeleniumLibrary">
<doc>Verifies that the current page title equals ``title``.</doc>
<arguments>
<arg>${login_page_title}</arg>
<arg>message=title did not match, we are not on login page</arg>
</arguments>
<msg timestamp="20200209 23:11:09.599" level="INFO">Page title is 'Log In - Demo App'.</msg>
<status status="PASS" starttime="20200209 23:11:09.589" endtime="20200209 23:11:09.599"></status>
</kw>
<kw name="Get Location" library="SeleniumLibrary">
<doc>Returns the current browser window URL.</doc>
<assign>
<var>${lp_location}</var>
</assign>
<msg timestamp="20200209 23:11:09.603" level="INFO">${lp_location} = http://localhost:8080/login</msg>
<status status="PASS" starttime="20200209 23:11:09.600" endtime="20200209 23:11:09.604"></status>
</kw>
<kw name="Should Contain" library="BuiltIn">
<doc>Fails if ``container`` does not contain ``item`` one or more times.</doc>
<arguments>
<arg>${lp_location}</arg>
<arg>${login_page_url}</arg>
</arguments>
<status status="PASS" starttime="20200209 23:11:09.605" endtime="20200209 23:11:09.605"></status>
</kw>
<status status="PASS" starttime="20200209 23:11:09.589" endtime="20200209 23:11:09.605"></status>
</kw>
<kw name="Login As User ${user} With Password ${pass}" library="loginpage">
<kw name="Log" library="BuiltIn">
<doc>Logs the given message with the given level.</doc>
<arguments>
<arg>User=${user}, and Pass=${pass}</arg>
</arguments>
<msg timestamp="20200209 23:11:09.606" level="INFO">User=invalid, and Pass=demo123</msg>
<status status="PASS" starttime="20200209 23:11:09.606" endtime="20200209 23:11:09.607"></status>
</kw>
<kw name="Scroll Element Into View" library="SeleniumLibrary">
<doc>Scrolls the element identified by ``locator`` into view.</doc>
<arguments>
<arg>${lp_username}</arg>
</arguments>
<status status="PASS" starttime="20200209 23:11:09.607" endtime="20200209 23:11:09.875"></status>
</kw>
<kw name="Input Text" library="SeleniumLibrary">
<doc>Types the given ``text`` into the text field identified by ``locator``.</doc>
<arguments>
<arg>${lp_username}</arg>
<arg>${user}</arg>
</arguments>
<msg timestamp="20200209 23:11:09.876" level="INFO">Typing text 'invalid' into text field 'id=username'.</msg>
<status status="PASS" starttime="20200209 23:11:09.875" endtime="20200209 23:11:09.945"></status>
</kw>
<kw name="Scroll Element Into View" library="SeleniumLibrary">
<doc>Scrolls the element identified by ``locator`` into view.</doc>
<arguments>
<arg>${lp_password}</arg>
</arguments>
<status status="PASS" starttime="20200209 23:11:09.946" endtime="20200209 23:11:10.223"></status>
</kw>
<kw name="Input Text" library="SeleniumLibrary">
<doc>Types the given ``text`` into the text field identified by ``locator``.</doc>
<arguments>
<arg>${lp_password}</arg>
<arg>${pass}</arg>
</arguments>
<msg timestamp="20200209 23:11:10.224" level="INFO">Typing text 'demo123' into text field 'id=password'.</msg>
<status status="PASS" starttime="20200209 23:11:10.224" endtime="20200209 23:11:10.270"></status>
</kw>
<kw name="Click Element" library="SeleniumLibrary">
<doc>Click the element identified by ``locator``.</doc>
<arguments>
<arg>${lp_submit}</arg>
</arguments>
<msg timestamp="20200209 23:11:10.271" level="INFO">Clicking element 'xpath=//input[@value='Log In']'.</msg>
<status status="PASS" starttime="20200209 23:11:10.271" endtime="20200209 23:11:10.310"></status>
</kw>
<status status="PASS" starttime="20200209 23:11:09.606" endtime="20200209 23:11:10.311"></status>
</kw>
<kw name="Login Should Be Unsuccessful" library="loginpage">
<kw name="Is Error Page Displayed" library="errorpage">
<kw name="Title Should Be" library="SeleniumLibrary">
<doc>Verifies that the current page title equals ``title``.</doc>
<arguments>
<arg>${error_page_title}</arg>
<arg>message=title did not match, we are not on error page</arg>
</arguments>
<msg timestamp="20200209 23:11:10.315" level="INFO">Page title is 'Login Failure - Demo App'.</msg>
<status status="PASS" starttime="20200209 23:11:10.312" endtime="20200209 23:11:10.315"></status>
</kw>
<kw name="Get Location" library="SeleniumLibrary">
<doc>Returns the current browser window URL.</doc>
<assign>
<var>${e_location}</var>
</assign>
<msg timestamp="20200209 23:11:10.319" level="INFO">${e_location} = http://localhost:8080/error</msg>
<status status="PASS" starttime="20200209 23:11:10.316" endtime="20200209 23:11:10.319"></status>
</kw>
<kw name="Should Contain" library="BuiltIn">
<doc>Fails if ``container`` does not contain ``item`` one or more times.</doc>
<arguments>
<arg>${e_location}</arg>
<arg>${error_page_url}</arg>
</arguments>
<status status="PASS" starttime="20200209 23:11:10.320" endtime="20200209 23:11:10.320"></status>
</kw>
<kw name="Wait Until Page Contains Element" library="SeleniumLibrary">
<doc>Waits until the element ``locator`` appears on the current page.</doc>
<arguments>
<arg>${error_text}</arg>
</arguments>
<status status="PASS" starttime="20200209 23:11:10.320" endtime="20200209 23:11:10.329"></status>
</kw>
<kw name="Page Should Contain Element" library="SeleniumLibrary">
<doc>Verifies that element ``locator`` is found on the current page.</doc>
<arguments>
<arg>${error_text}</arg>
</arguments>
<msg timestamp="20200209 23:11:10.335" level="INFO">Current page contains element 'xpath=//h1[contains(text(), 'Login Failure')]'.</msg>
<status status="PASS" starttime="20200209 23:11:10.330" endtime="20200209 23:11:10.335"></status>
</kw>
<status status="PASS" starttime="20200209 23:11:10.311" endtime="20200209 23:11:10.336"></status>
</kw>
<status status="PASS" starttime="20200209 23:11:10.311" endtime="20200209 23:11:10.336"></status>
</kw>
<status status="PASS" starttime="20200209 23:11:09.508" endtime="20200209 23:11:10.336"></status>
</kw>
<kw name="Login As Invalid User And Verify Error Message" library="login_feature_keywords">
<arguments>
<arg>${ts02_invalid}</arg>
<arg>${ts02_invalid}</arg>
</arguments>
<kw name="Go To Login Page" library="homepage">
<kw name="Wait Until Page Contains Element" library="SeleniumLibrary">
<doc>Waits until the element ``locator`` appears on the current page.</doc>
<arguments>
<arg>${hp_login}</arg>
</arguments>
<status status="PASS" starttime="20200209 23:11:10.338" endtime="20200209 23:11:10.343"></status>
</kw>
<kw name="Click Element" library="SeleniumLibrary">
<doc>Click the element identified by ``locator``.</doc>
<arguments>
<arg>${hp_login}</arg>
</arguments>
<msg timestamp="20200209 23:11:10.344" level="INFO">Clicking element 'xpath=//a[contains(text(), 'Log In')]'.</msg>
<status status="PASS" starttime="20200209 23:11:10.344" endtime="20200209 23:11:10.388"></status>
</kw>
<status status="PASS" starttime="20200209 23:11:10.337" endtime="20200209 23:11:10.388"></status>
</kw>
<kw name="Is Login Page Displayed" library="loginpage">
<kw name="Title Should Be" library="SeleniumLibrary">
<doc>Verifies that the current page title equals ``title``.</doc>
<arguments>
<arg>${login_page_title}</arg>
<arg>message=title did not match, we are not on login page</arg>
</arguments>
<msg timestamp="20200209 23:11:10.393" level="INFO">Page title is 'Log In - Demo App'.</msg>
<status status="PASS" starttime="20200209 23:11:10.389" endtime="20200209 23:11:10.393"></status>
</kw>
<kw name="Get Location" library="SeleniumLibrary">
<doc>Returns the current browser window URL.</doc>
<assign>
<var>${lp_location}</var>
</assign>
<msg timestamp="20200209 23:11:10.396" level="INFO">${lp_location} = http://localhost:8080/login</msg>
<status status="PASS" starttime="20200209 23:11:10.393" endtime="20200209 23:11:10.396"></status>
</kw>
<kw name="Should Contain" library="BuiltIn">
<doc>Fails if ``container`` does not contain ``item`` one or more times.</doc>
<arguments>
<arg>${lp_location}</arg>
<arg>${login_page_url}</arg>
</arguments>
<status status="PASS" starttime="20200209 23:11:10.397" endtime="20200209 23:11:10.397"></status>
</kw>
<status status="PASS" starttime="20200209 23:11:10.389" endtime="20200209 23:11:10.398"></status>
</kw>
<kw name="Login As User ${user} With Password ${pass}" library="loginpage">
<kw name="Log" library="BuiltIn">
<doc>Logs the given message with the given level.</doc>
<arguments>
<arg>User=${user}, and Pass=${pass}</arg>
</arguments>
<msg timestamp="20200209 23:11:10.399" level="INFO">User=invalid, and Pass=invalid</msg>
<status status="PASS" starttime="20200209 23:11:10.398" endtime="20200209 23:11:10.399"></status>
</kw>
<kw name="Scroll Element Into View" library="SeleniumLibrary">
<doc>Scrolls the element identified by ``locator`` into view.</doc>
<arguments>
<arg>${lp_username}</arg>
</arguments>
<status status="PASS" starttime="20200209 23:11:10.400" endtime="20200209 23:11:10.672"></status>
</kw>
<kw name="Input Text" library="SeleniumLibrary">
<doc>Types the given ``text`` into the text field identified by ``locator``.</doc>
<arguments>
<arg>${lp_username}</arg>
<arg>${user}</arg>
</arguments>
<msg timestamp="20200209 23:11:10.672" level="INFO">Typing text 'invalid' into text field 'id=username'.</msg>
<status status="PASS" starttime="20200209 23:11:10.672" endtime="20200209 23:11:10.716"></status>
</kw>
<kw name="Scroll Element Into View" library="SeleniumLibrary">
<doc>Scrolls the element identified by ``locator`` into view.</doc>
<arguments>
<arg>${lp_password}</arg>
</arguments>
<status status="PASS" starttime="20200209 23:11:10.717" endtime="20200209 23:11:10.990"></status>
</kw>
<kw name="Input Text" library="SeleniumLibrary">
<doc>Types the given ``text`` into the text field identified by ``locator``.</doc>
<arguments>
<arg>${lp_password}</arg>
<arg>${pass}</arg>
</arguments>
<msg timestamp="20200209 23:11:10.990" level="INFO">Typing text 'invalid' into text field 'id=password'.</msg>
<status status="PASS" starttime="20200209 23:11:10.990" endtime="20200209 23:11:11.034"></status>
</kw>
<kw name="Click Element" library="SeleniumLibrary">
<doc>Click the element identified by ``locator``.</doc>
<arguments>
<arg>${lp_submit}</arg>
</arguments>
<msg timestamp="20200209 23:11:11.035" level="INFO">Clicking element 'xpath=//input[@value='Log In']'.</msg>
<status status="PASS" starttime="20200209 23:11:11.034" endtime="20200209 23:11:11.071"></status>
</kw>
<status status="PASS" starttime="20200209 23:11:10.398" endtime="20200209 23:11:11.071"></status>
</kw>
<kw name="Login Should Be Unsuccessful" library="loginpage">
<kw name="Is Error Page Displayed" library="errorpage">
<kw name="Title Should Be" library="SeleniumLibrary">
<doc>Verifies that the current page title equals ``title``.</doc>
<arguments>
<arg>${error_page_title}</arg>
<arg>message=title did not match, we are not on error page</arg>
</arguments>
<msg timestamp="20200209 23:11:11.075" level="INFO">Page title is 'Login Failure - Demo App'.</msg>
<status status="PASS" starttime="20200209 23:11:11.072" endtime="20200209 23:11:11.075"></status>
</kw>
<kw name="Get Location" library="SeleniumLibrary">
<doc>Returns the current browser window URL.</doc>
<assign>
<var>${e_location}</var>
</assign>
<msg timestamp="20200209 23:11:11.078" level="INFO">${e_location} = http://localhost:8080/error</msg>
<status status="PASS" starttime="20200209 23:11:11.076" endtime="20200209 23:11:11.078"></status>
</kw>
<kw name="Should Contain" library="BuiltIn">
<doc>Fails if ``container`` does not contain ``item`` one or more times.</doc>
<arguments>
<arg>${e_location}</arg>
<arg>${error_page_url}</arg>
</arguments>
<status status="PASS" starttime="20200209 23:11:11.079" endtime="20200209 23:11:11.079"></status>
</kw>
<kw name="Wait Until Page Contains Element" library="SeleniumLibrary">
<doc>Waits until the element ``locator`` appears on the current page.</doc>
<arguments>
<arg>${error_text}</arg>
</arguments>
<status status="PASS" starttime="20200209 23:11:11.080" endtime="20200209 23:11:11.085"></status>
</kw>
<kw name="Page Should Contain Element" library="SeleniumLibrary">
<doc>Verifies that element ``locator`` is found on the current page.</doc>
<arguments>
<arg>${error_text}</arg>
</arguments>
<msg timestamp="20200209 23:11:11.090" level="INFO">Current page contains element 'xpath=//h1[contains(text(), 'Login Failure')]'.</msg>
<status status="PASS" starttime="20200209 23:11:11.085" endtime="20200209 23:11:11.090"></status>
</kw>
<status status="PASS" starttime="20200209 23:11:11.072" endtime="20200209 23:11:11.091"></status>
</kw>
<status status="PASS" starttime="20200209 23:11:11.072" endtime="20200209 23:11:11.091"></status>
</kw>
<status status="PASS" starttime="20200209 23:11:10.337" endtime="20200209 23:11:11.091"></status>
</kw>
<kw name="Login As Invalid User And Verify Error Message" library="login_feature_keywords">
<arguments>
<arg>${valid_username}</arg>
<arg>${ts02_invalid}</arg>
</arguments>
<kw name="Go To Login Page" library="homepage">
<kw name="Wait Until Page Contains Element" library="SeleniumLibrary">
<doc>Waits until the element ``locator`` appears on the current page.</doc>
<arguments>
<arg>${hp_login}</arg>
</arguments>
<status status="PASS" starttime="20200209 23:11:11.092" endtime="20200209 23:11:11.098"></status>
</kw>
<kw name="Click Element" library="SeleniumLibrary">
<doc>Click the element identified by ``locator``.</doc>
<arguments>
<arg>${hp_login}</arg>
</arguments>
<msg timestamp="20200209 23:11:11.099" level="INFO">Clicking element 'xpath=//a[contains(text(), 'Log In')]'.</msg>
<status status="PASS" starttime="20200209 23:11:11.099" endtime="20200209 23:11:11.151"></status>
</kw>
<status status="PASS" starttime="20200209 23:11:11.092" endtime="20200209 23:11:11.152"></status>
</kw>
<kw name="Is Login Page Displayed" library="loginpage">
<kw name="Title Should Be" library="SeleniumLibrary">
<doc>Verifies that the current page title equals ``title``.</doc>
<arguments>
<arg>${login_page_title}</arg>
<arg>message=title did not match, we are not on login page</arg>
</arguments>
<msg timestamp="20200209 23:11:11.157" level="INFO">Page title is 'Log In - Demo App'.</msg>
<status status="PASS" starttime="20200209 23:11:11.153" endtime="20200209 23:11:11.158"></status>
</kw>
<kw name="Get Location" library="SeleniumLibrary">
<doc>Returns the current browser window URL.</doc>
<assign>
<var>${lp_location}</var>
</assign>
<msg timestamp="20200209 23:11:11.162" level="INFO">${lp_location} = http://localhost:8080/login</msg>
<status status="PASS" starttime="20200209 23:11:11.158" endtime="20200209 23:11:11.162"></status>
</kw>
<kw name="Should Contain" library="BuiltIn">
<doc>Fails if ``container`` does not contain ``item`` one or more times.</doc>
<arguments>
<arg>${lp_location}</arg>
<arg>${login_page_url}</arg>
</arguments>
<status status="PASS" starttime="20200209 23:11:11.163" endtime="20200209 23:11:11.163"></status>
</kw>
<status status="PASS" starttime="20200209 23:11:11.152" endtime="20200209 23:11:11.163"></status>
</kw>
<kw name="Login As User ${user} With Password ${pass}" library="loginpage">
<kw name="Log" library="BuiltIn">
<doc>Logs the given message with the given level.</doc>
<arguments>
<arg>User=${user}, and Pass=${pass}</arg>
</arguments>
<msg timestamp="20200209 23:11:11.165" level="INFO">User=alok, and Pass=invalid</msg>
<status status="PASS" starttime="20200209 23:11:11.164" endtime="20200209 23:11:11.165"></status>
</kw>
<kw name="Scroll Element Into View" library="SeleniumLibrary">
<doc>Scrolls the element identified by ``locator`` into view.</doc>
<arguments>
<arg>${lp_username}</arg>
</arguments>
<status status="PASS" starttime="20200209 23:11:11.165" endtime="20200209 23:11:11.442"></status>
</kw>
<kw name="Input Text" library="SeleniumLibrary">
<doc>Types the given ``text`` into the text field identified by ``locator``.</doc>
<arguments>
<arg>${lp_username}</arg>
<arg>${user}</arg>
</arguments>
<msg timestamp="20200209 23:11:11.442" level="INFO">Typing text 'alok' into text field 'id=username'.</msg>
<status status="PASS" starttime="20200209 23:11:11.442" endtime="20200209 23:11:11.491"></status>
</kw>
<kw name="Scroll Element Into View" library="SeleniumLibrary">
<doc>Scrolls the element identified by ``locator`` into view.</doc>
<arguments>
<arg>${lp_password}</arg>
</arguments>
<status status="PASS" starttime="20200209 23:11:11.491" endtime="20200209 23:11:11.756"></status>
</kw>
<kw name="Input Text" library="SeleniumLibrary">
<doc>Types the given ``text`` into the text field identified by ``locator``.</doc>
<arguments>
<arg>${lp_password}</arg>
<arg>${pass}</arg>
</arguments>
<msg timestamp="20200209 23:11:11.756" level="INFO">Typing text 'invalid' into text field 'id=password'.</msg>
<status status="PASS" starttime="20200209 23:11:11.756" endtime="20200209 23:11:11.802"></status>
</kw>
<kw name="Click Element" library="SeleniumLibrary">
<doc>Click the element identified by ``locator``.</doc>
<arguments>
<arg>${lp_submit}</arg>
</arguments>
<msg timestamp="20200209 23:11:11.803" level="INFO">Clicking element 'xpath=//input[@value='Log In']'.</msg>
<status status="PASS" starttime="20200209 23:11:11.802" endtime="20200209 23:11:11.909"></status>
</kw>
<status status="PASS" starttime="20200209 23:11:11.164" endtime="20200209 23:11:11.909"></status>
</kw>
<kw name="Login Should Be Unsuccessful" library="loginpage">
<kw name="Is Error Page Displayed" library="errorpage">
<kw name="Title Should Be" library="SeleniumLibrary">
<doc>Verifies that the current page title equals ``title``.</doc>
<arguments>
<arg>${error_page_title}</arg>
<arg>message=title did not match, we are not on error page</arg>
</arguments>
<msg timestamp="20200209 23:11:11.913" level="INFO">Page title is 'Login Failure - Demo App'.</msg>
<status status="PASS" starttime="20200209 23:11:11.910" endtime="20200209 23:11:11.913"></status>
</kw>
<kw name="Get Location" library="SeleniumLibrary">
<doc>Returns the current browser window URL.</doc>
<assign>
<var>${e_location}</var>
</assign>
<msg timestamp="20200209 23:11:11.916" level="INFO">${e_location} = http://localhost:8080/error</msg>
<status status="PASS" starttime="20200209 23:11:11.914" endtime="20200209 23:11:11.916"></status>
</kw>
<kw name="Should Contain" library="BuiltIn">
<doc>Fails if ``container`` does not contain ``item`` one or more times.</doc>
<arguments>
<arg>${e_location}</arg>
<arg>${error_page_url}</arg>
</arguments>
<status status="PASS" starttime="20200209 23:11:11.917" endtime="20200209 23:11:11.917"></status>
</kw>
<kw name="Wait Until Page Contains Element" library="SeleniumLibrary">
<doc>Waits until the element ``locator`` appears on the current page.</doc>
<arguments>
<arg>${error_text}</arg>
</arguments>
<status status="PASS" starttime="20200209 23:11:11.917" endtime="20200209 23:11:11.921"></status>
</kw>
<kw name="Page Should Contain Element" library="SeleniumLibrary">
<doc>Verifies that element ``locator`` is found on the current page.</doc>
<arguments>
<arg>${error_text}</arg>
</arguments>
<msg timestamp="20200209 23:11:11.926" level="INFO">Current page contains element 'xpath=//h1[contains(text(), 'Login Failure')]'.</msg>
<status status="PASS" starttime="20200209 23:11:11.922" endtime="20200209 23:11:11.926"></status>
</kw>
<status status="PASS" starttime="20200209 23:11:11.910" endtime="20200209 23:11:11.927"></status>
</kw>
<status status="PASS" starttime="20200209 23:11:11.910" endtime="20200209 23:11:11.927"></status>
</kw>
<status status="PASS" starttime="20200209 23:11:11.092" endtime="20200209 23:11:11.927"></status>
</kw>
<kw name="Close All Browsers" library="SeleniumLibrary" type="teardown">
<doc>Closes all open browsers and resets the browser cache.</doc>
<status status="PASS" starttime="20200209 23:11:11.927" endtime="20200209 23:11:11.985"></status>
</kw>
<tags>
<tag>login_test</tag>
</tags>
<status status="PASS" starttime="20200209 23:11:08.132" endtime="20200209 23:11:11.986" critical="yes"></status>
</test>
<test id="s1-s1-s2-t2" name="TC_02 Empty Fields Login">
<kw name="Open Browser" library="SeleniumLibrary" type="setup">
<doc>Opens a new browser instance to the optional ``url``.</doc>
<arguments>
<arg>${BASE_URL}</arg>
<arg>${BROWSER}</arg>
<arg>Set Selenium Parameters</arg>
</arguments>
<msg timestamp="20200209 23:11:11.991" level="INFO">Opening browser 'headlesschrome' to base url 'http://localhost:8080/'.</msg>
<status status="PASS" starttime="20200209 23:11:11.990" endtime="20200209 23:11:13.362"></status>
</kw>
<kw name="Login With Empty Fields And Verify Error Message" library="login_feature_keywords">
<arguments>
<arg>${EMPTY}</arg>
<arg>${valid_password}</arg>
</arguments>
<kw name="Go To Login Page" library="homepage">
<kw name="Wait Until Page Contains Element" library="SeleniumLibrary">
<doc>Waits until the element ``locator`` appears on the current page.</doc>
<arguments>
<arg>${hp_login}</arg>
</arguments>
<status status="PASS" starttime="20200209 23:11:13.365" endtime="20200209 23:11:13.375"></status>
</kw>
<kw name="Click Element" library="SeleniumLibrary">
<doc>Click the element identified by ``locator``.</doc>
<arguments>
<arg>${hp_login}</arg>
</arguments>
<msg timestamp="20200209 23:11:13.376" level="INFO">Clicking element 'xpath=//a[contains(text(), 'Log In')]'.</msg>
<status status="PASS" starttime="20200209 23:11:13.375" endtime="20200209 23:11:13.456"></status>
</kw>
<status status="PASS" starttime="20200209 23:11:13.364" endtime="20200209 23:11:13.457"></status>
</kw>
<kw name="Is Login Page Displayed" library="loginpage">
<kw name="Title Should Be" library="SeleniumLibrary">
<doc>Verifies that the current page title equals ``title``.</doc>
<arguments>
<arg>${login_page_title}</arg>
<arg>message=title did not match, we are not on login page</arg>
</arguments>
<msg timestamp="20200209 23:11:13.469" level="INFO">Page title is 'Log In - Demo App'.</msg>
<status status="PASS" starttime="20200209 23:11:13.457" endtime="20200209 23:11:13.469"></status>
</kw>
<kw name="Get Location" library="SeleniumLibrary">
<doc>Returns the current browser window URL.</doc>
<assign>
<var>${lp_location}</var>
</assign>
<msg timestamp="20200209 23:11:13.475" level="INFO">${lp_location} = http://localhost:8080/login</msg>
<status status="PASS" starttime="20200209 23:11:13.470" endtime="20200209 23:11:13.475"></status>
</kw>
<kw name="Should Contain" library="BuiltIn">
<doc>Fails if ``container`` does not contain ``item`` one or more times.</doc>
<arguments>
<arg>${lp_location}</arg>
<arg>${login_page_url}</arg>
</arguments>
<status status="PASS" starttime="20200209 23:11:13.476" endtime="20200209 23:11:13.476"></status>
</kw>
<status status="PASS" starttime="20200209 23:11:13.457" endtime="20200209 23:11:13.477"></status>
</kw>
<kw name="Login As User ${user} With Password ${pass}" library="loginpage">
<kw name="Log" library="BuiltIn">
<doc>Logs the given message with the given level.</doc>
<arguments>
<arg>User=${user}, and Pass=${pass}</arg>
</arguments>
<msg timestamp="20200209 23:11:13.478" level="INFO">User=, and Pass=demo123</msg>
<status status="PASS" starttime="20200209 23:11:13.478" endtime="20200209 23:11:13.478"></status>
</kw>
<kw name="Scroll Element Into View" library="SeleniumLibrary">
<doc>Scrolls the element identified by ``locator`` into view.</doc>
<arguments>
<arg>${lp_username}</arg>
</arguments>
<status status="PASS" starttime="20200209 23:11:13.479" endtime="20200209 23:11:13.748"></status>
</kw>
<kw name="Input Text" library="SeleniumLibrary">
<doc>Types the given ``text`` into the text field identified by ``locator``.</doc>
<arguments>
<arg>${lp_username}</arg>
<arg>${user}</arg>
</arguments>
<msg timestamp="20200209 23:11:13.748" level="INFO">Typing text '' into text field 'id=username'.</msg>
<status status="PASS" starttime="20200209 23:11:13.748" endtime="20200209 23:11:13.790"></status>
</kw>
<kw name="Scroll Element Into View" library="SeleniumLibrary">
<doc>Scrolls the element identified by ``locator`` into view.</doc>
<arguments>
<arg>${lp_password}</arg>
</arguments>
<status status="PASS" starttime="20200209 23:11:13.791" endtime="20200209 23:11:14.057"></status>
</kw>
<kw name="Input Text" library="SeleniumLibrary">
<doc>Types the given ``text`` into the text field identified by ``locator``.</doc>
<arguments>
<arg>${lp_password}</arg>
<arg>${pass}</arg>
</arguments>
<msg timestamp="20200209 23:11:14.057" level="INFO">Typing text 'demo123' into text field 'id=password'.</msg>
<status status="PASS" starttime="20200209 23:11:14.057" endtime="20200209 23:11:14.123"></status>
</kw>
<kw name="Click Element" library="SeleniumLibrary">
<doc>Click the element identified by ``locator``.</doc>
<arguments>
<arg>${lp_submit}</arg>
</arguments>
<msg timestamp="20200209 23:11:14.123" level="INFO">Clicking element 'xpath=//input[@value='Log In']'.</msg>
<status status="PASS" starttime="20200209 23:11:14.123" endtime="20200209 23:11:14.160"></status>
</kw>
<status status="PASS" starttime="20200209 23:11:13.477" endtime="20200209 23:11:14.161"></status>
</kw>
<kw name="Is Login Page Displayed" library="loginpage">
<kw name="Title Should Be" library="SeleniumLibrary">
<doc>Verifies that the current page title equals ``title``.</doc>
<arguments>
<arg>${login_page_title}</arg>
<arg>message=title did not match, we are not on login page</arg>
</arguments>
<msg timestamp="20200209 23:11:14.164" level="INFO">Page title is 'Log In - Demo App'.</msg>
<status status="PASS" starttime="20200209 23:11:14.162" endtime="20200209 23:11:14.164"></status>
</kw>
<kw name="Get Location" library="SeleniumLibrary">
<doc>Returns the current browser window URL.</doc>
<assign>
<var>${lp_location}</var>
</assign>
<msg timestamp="20200209 23:11:14.166" level="INFO">${lp_location} = http://localhost:8080/login</msg>
<status status="PASS" starttime="20200209 23:11:14.164" endtime="20200209 23:11:14.166"></status>
</kw>
<kw name="Should Contain" library="BuiltIn">
<doc>Fails if ``container`` does not contain ``item`` one or more times.</doc>
<arguments>
<arg>${lp_location}</arg>
<arg>${login_page_url}</arg>
</arguments>
<status status="PASS" starttime="20200209 23:11:14.167" endtime="20200209 23:11:14.167"></status>
</kw>
<status status="PASS" starttime="20200209 23:11:14.161" endtime="20200209 23:11:14.167"></status>
</kw>
<status status="PASS" starttime="20200209 23:11:13.364" endtime="20200209 23:11:14.167"></status>
</kw>
<kw name="Login With Empty Fields And Verify Error Message" library="login_feature_keywords">
<arguments>
<arg>${valid_username}</arg>
<arg>${EMPTY}</arg>
</arguments>
<kw name="Go To Login Page" library="homepage">
<kw name="Wait Until Page Contains Element" library="SeleniumLibrary">
<doc>Waits until the element ``locator`` appears on the current page.</doc>
<arguments>
<arg>${hp_login}</arg>
</arguments>
<status status="PASS" starttime="20200209 23:11:14.168" endtime="20200209 23:11:14.178"></status>
</kw>
<kw name="Click Element" library="SeleniumLibrary">
<doc>Click the element identified by ``locator``.</doc>
<arguments>
<arg>${hp_login}</arg>
</arguments>
<msg timestamp="20200209 23:11:14.178" level="INFO">Clicking element 'xpath=//a[contains(text(), 'Log In')]'.</msg>
<status status="PASS" starttime="20200209 23:11:14.178" endtime="20200209 23:11:14.233"></status>
</kw>
<status status="PASS" starttime="20200209 23:11:14.168" endtime="20200209 23:11:14.234"></status>
</kw>
<kw name="Is Login Page Displayed" library="loginpage">
<kw name="Title Should Be" library="SeleniumLibrary">
<doc>Verifies that the current page title equals ``title``.</doc>
<arguments>
<arg>${login_page_title}</arg>
<arg>message=title did not match, we are not on login page</arg>
</arguments>
<msg timestamp="20200209 23:11:14.237" level="INFO">Page title is 'Log In - Demo App'.</msg>
<status status="PASS" starttime="20200209 23:11:14.234" endtime="20200209 23:11:14.237"></status>
</kw>
<kw name="Get Location" library="SeleniumLibrary">
<doc>Returns the current browser window URL.</doc>
<assign>
<var>${lp_location}</var>
</assign>
<msg timestamp="20200209 23:11:14.240" level="INFO">${lp_location} = http://localhost:8080/login</msg>
<status status="PASS" starttime="20200209 23:11:14.237" endtime="20200209 23:11:14.240"></status>
</kw>
<kw name="Should Contain" library="BuiltIn">
<doc>Fails if ``container`` does not contain ``item`` one or more times.</doc>
<arguments>
<arg>${lp_location}</arg>
<arg>${login_page_url}</arg>
</arguments>
<status status="PASS" starttime="20200209 23:11:14.240" endtime="20200209 23:11:14.241"></status>
</kw>
<status status="PASS" starttime="20200209 23:11:14.234" endtime="20200209 23:11:14.241"></status>
</kw>
<kw name="Login As User ${user} With Password ${pass}" library="loginpage">
<kw name="Log" library="BuiltIn">
<doc>Logs the given message with the given level.</doc>
<arguments>
<arg>User=${user}, and Pass=${pass}</arg>
</arguments>
<msg timestamp="20200209 23:11:14.242" level="INFO">User=alok, and Pass=</msg>
<status status="PASS" starttime="20200209 23:11:14.242" endtime="20200209 23:11:14.242"></status>
</kw>
<kw name="Scroll Element Into View" library="SeleniumLibrary">
<doc>Scrolls the element identified by ``locator`` into view.</doc>
<arguments>
<arg>${lp_username}</arg>
</arguments>
<status status="PASS" starttime="20200209 23:11:14.242" endtime="20200209 23:11:14.506"></status>
</kw>
<kw name="Input Text" library="SeleniumLibrary">
<doc>Types the given ``text`` into the text field identified by ``locator``.</doc>
<arguments>
<arg>${lp_username}</arg>
<arg>${user}</arg>
</arguments>
<msg timestamp="20200209 23:11:14.506" level="INFO">Typing text 'alok' into text field 'id=username'.</msg>
<status status="PASS" starttime="20200209 23:11:14.506" endtime="20200209 23:11:14.550"></status>
</kw>
<kw name="Scroll Element Into View" library="SeleniumLibrary">
<doc>Scrolls the element identified by ``locator`` into view.</doc>
<arguments>
<arg>${lp_password}</arg>
</arguments>
<status status="PASS" starttime="20200209 23:11:14.550" endtime="20200209 23:11:14.824"></status>
</kw>
<kw name="Input Text" library="SeleniumLibrary">
<doc>Types the given ``text`` into the text field identified by ``locator``.</doc>
<arguments>
<arg>${lp_password}</arg>
<arg>${pass}</arg>
</arguments>
<msg timestamp="20200209 23:11:14.824" level="INFO">Typing text '' into text field 'id=password'.</msg>
<status status="PASS" starttime="20200209 23:11:14.824" endtime="20200209 23:11:14.862"></status>
</kw>
<kw name="Click Element" library="SeleniumLibrary">
<doc>Click the element identified by ``locator``.</doc>
<arguments>
<arg>${lp_submit}</arg>
</arguments>
<msg timestamp="20200209 23:11:14.863" level="INFO">Clicking element 'xpath=//input[@value='Log In']'.</msg>
<status status="PASS" starttime="20200209 23:11:14.863" endtime="20200209 23:11:14.891"></status>
</kw>
<status status="PASS" starttime="20200209 23:11:14.241" endtime="20200209 23:11:14.892"></status>
</kw>
<kw name="Is Login Page Displayed" library="loginpage">
<kw name="Title Should Be" library="SeleniumLibrary">
<doc>Verifies that the current page title equals ``title``.</doc>
<arguments>
<arg>${login_page_title}</arg>
<arg>message=title did not match, we are not on login page</arg>
</arguments>
<msg timestamp="20200209 23:11:14.896" level="INFO">Page title is 'Log In - Demo App'.</msg>
<status status="PASS" starttime="20200209 23:11:14.893" endtime="20200209 23:11:14.896"></status>
</kw>
<kw name="Get Location" library="SeleniumLibrary">
<doc>Returns the current browser window URL.</doc>
<assign>
<var>${lp_location}</var>
</assign>
<msg timestamp="20200209 23:11:14.899" level="INFO">${lp_location} = http://localhost:8080/login</msg>
<status status="PASS" starttime="20200209 23:11:14.896" endtime="20200209 23:11:14.899"></status>
</kw>
<kw name="Should Contain" library="BuiltIn">
<doc>Fails if ``container`` does not contain ``item`` one or more times.</doc>
<arguments>
<arg>${lp_location}</arg>
<arg>${login_page_url}</arg>
</arguments>
<status status="PASS" starttime="20200209 23:11:14.899" endtime="20200209 23:11:14.899"></status>
</kw>
<status status="PASS" starttime="20200209 23:11:14.892" endtime="20200209 23:11:14.900"></status>
</kw>
<status status="PASS" starttime="20200209 23:11:14.168" endtime="20200209 23:11:14.900"></status>
</kw>
<kw name="Login With Empty Fields And Verify Error Message" library="login_feature_keywords">
<arguments>
<arg>${EMPTY}</arg>
<arg>${EMPTY}</arg>
</arguments>
<kw name="Go To Login Page" library="homepage">
<kw name="Wait Until Page Contains Element" library="SeleniumLibrary">
<doc>Waits until the element ``locator`` appears on the current page.</doc>
<arguments>
<arg>${hp_login}</arg>
</arguments>
<status status="PASS" starttime="20200209 23:11:14.901" endtime="20200209 23:11:14.907"></status>
</kw>
<kw name="Click Element" library="SeleniumLibrary">
<doc>Click the element identified by ``locator``.</doc>
<arguments>
<arg>${hp_login}</arg>
</arguments>
<msg timestamp="20200209 23:11:14.909" level="INFO">Clicking element 'xpath=//a[contains(text(), 'Log In')]'.</msg>
<status status="PASS" starttime="20200209 23:11:14.908" endtime="20200209 23:11:14.967"></status>
</kw>
<status status="PASS" starttime="20200209 23:11:14.900" endtime="20200209 23:11:14.967"></status>
</kw>
<kw name="Is Login Page Displayed" library="loginpage">
<kw name="Title Should Be" library="SeleniumLibrary">
<doc>Verifies that the current page title equals ``title``.</doc>
<arguments>
<arg>${login_page_title}</arg>
<arg>message=title did not match, we are not on login page</arg>
</arguments>
<msg timestamp="20200209 23:11:14.970" level="INFO">Page title is 'Log In - Demo App'.</msg>
<status status="PASS" starttime="20200209 23:11:14.968" endtime="20200209 23:11:14.970"></status>
</kw>
<kw name="Get Location" library="SeleniumLibrary">
<doc>Returns the current browser window URL.</doc>
<assign>
<var>${lp_location}</var>
</assign>
<msg timestamp="20200209 23:11:14.974" level="INFO">${lp_location} = http://localhost:8080/login</msg>
<status status="PASS" starttime="20200209 23:11:14.971" endtime="20200209 23:11:14.974"></status>
</kw>
<kw name="Should Contain" library="BuiltIn">
<doc>Fails if ``container`` does not contain ``item`` one or more times.</doc>
<arguments>
<arg>${lp_location}</arg>
<arg>${login_page_url}</arg>
</arguments>
<status status="PASS" starttime="20200209 23:11:14.974" endtime="20200209 23:11:14.975"></status>
</kw>
<status status="PASS" starttime="20200209 23:11:14.967" endtime="20200209 23:11:14.975"></status>
</kw>
<kw name="Login As User ${user} With Password ${pass}" library="loginpage">
<kw name="Log" library="BuiltIn">
<doc>Logs the given message with the given level.</doc>
<arguments>
<arg>User=${user}, and Pass=${pass}</arg>
</arguments>
<msg timestamp="20200209 23:11:14.976" level="INFO">User=, and Pass=</msg>
<status status="PASS" starttime="20200209 23:11:14.975" endtime="20200209 23:11:14.976"></status>
</kw>
<kw name="Scroll Element Into View" library="SeleniumLibrary">
<doc>Scrolls the element identified by ``locator`` into view.</doc>
<arguments>
<arg>${lp_username}</arg>
</arguments>
<status status="PASS" starttime="20200209 23:11:14.976" endtime="20200209 23:11:15.239"></status>
</kw>
<kw name="Input Text" library="SeleniumLibrary">
<doc>Types the given ``text`` into the text field identified by ``locator``.</doc>
<arguments>
<arg>${lp_username}</arg>
<arg>${user}</arg>
</arguments>
<msg timestamp="20200209 23:11:15.240" level="INFO">Typing text '' into text field 'id=username'.</msg>
<status status="PASS" starttime="20200209 23:11:15.239" endtime="20200209 23:11:15.280"></status>
</kw>
<kw name="Scroll Element Into View" library="SeleniumLibrary">
<doc>Scrolls the element identified by ``locator`` into view.</doc>
<arguments>
<arg>${lp_password}</arg>
</arguments>
<status status="PASS" starttime="20200209 23:11:15.281" endtime="20200209 23:11:15.540"></status>
</kw>
<kw name="Input Text" library="SeleniumLibrary">
<doc>Types the given ``text`` into the text field identified by ``locator``.</doc>
<arguments>
<arg>${lp_password}</arg>
<arg>${pass}</arg>
</arguments>
<msg timestamp="20200209 23:11:15.540" level="INFO">Typing text '' into text field 'id=password'.</msg>
<status status="PASS" starttime="20200209 23:11:15.540" endtime="20200209 23:11:15.579"></status>
</kw>
<kw name="Click Element" library="SeleniumLibrary">
<doc>Click the element identified by ``locator``.</doc>
<arguments>
<arg>${lp_submit}</arg>
</arguments>
<msg timestamp="20200209 23:11:15.580" level="INFO">Clicking element 'xpath=//input[@value='Log In']'.</msg>
<status status="PASS" starttime="20200209 23:11:15.580" endtime="20200209 23:11:15.608"></status>
</kw>
<status status="PASS" starttime="20200209 23:11:14.975" endtime="20200209 23:11:15.608"></status>
</kw>
<kw name="Is Login Page Displayed" library="loginpage">
<kw name="Title Should Be" library="SeleniumLibrary">
<doc>Verifies that the current page title equals ``title``.</doc>
<arguments>
<arg>${login_page_title}</arg>
<arg>message=title did not match, we are not on login page</arg>
</arguments>
<msg timestamp="20200209 23:11:15.611" level="INFO">Page title is 'Log In - Demo App'.</msg>
<status status="PASS" starttime="20200209 23:11:15.609" endtime="20200209 23:11:15.611"></status>
</kw>
<kw name="Get Location" library="SeleniumLibrary">
<doc>Returns the current browser window URL.</doc>
<assign>
<var>${lp_location}</var>
</assign>
<msg timestamp="20200209 23:11:15.614" level="INFO">${lp_location} = http://localhost:8080/login</msg>
<status status="PASS" starttime="20200209 23:11:15.612" endtime="20200209 23:11:15.614"></status>
</kw>
<kw name="Should Contain" library="BuiltIn">
<doc>Fails if ``container`` does not contain ``item`` one or more times.</doc>
<arguments>
<arg>${lp_location}</arg>
<arg>${login_page_url}</arg>
</arguments>
<status status="PASS" starttime="20200209 23:11:15.615" endtime="20200209 23:11:15.615"></status>
</kw>
<status status="PASS" starttime="20200209 23:11:15.609" endtime="20200209 23:11:15.615"></status>
</kw>
<status status="PASS" starttime="20200209 23:11:14.900" endtime="20200209 23:11:15.615"></status>
</kw>
<kw name="Close All Browsers" library="SeleniumLibrary" type="teardown">
<doc>Closes all open browsers and resets the browser cache.</doc>
<status status="PASS" starttime="20200209 23:11:15.616" endtime="20200209 23:11:15.673"></status>
</kw>
<tags>
<tag>login_test</tag>
</tags>
<status status="PASS" starttime="20200209 23:11:11.989" endtime="20200209 23:11:15.674" critical="yes"></status>
</test>
<doc>Test Cases related to invalid user login</doc>
<status status="PASS" starttime="20200209 23:11:08.120" endtime="20200209 23:11:15.678"></status>
</suite>
<status status="FAIL" starttime="20200209 23:11:05.274" endtime="20200209 23:11:15.690"></status>
</suite>
<suite id="s1-s2" name="TS 02 registration feature" source="/Users/Aloknag/PycharmProjects/FlaskyTest/tests/TS_02_registration_feature">
<suite id="s1-s2-s1" name="Ts 01 Registration Test" source="/Users/Aloknag/PycharmProjects/FlaskyTest/tests/TS_02_registration_feature/ts_01_registration_test.robot">
<test id="s1-s2-s1-t1" name="TC_01 Register a New User Using Faker Data">
<kw name="Open Browser" library="SeleniumLibrary" type="setup">
<doc>Opens a new browser instance to the optional ``url``.</doc>
<arguments>
<arg>${BASE_URL}</arg>
<arg>${BROWSER}</arg>
<arg>Set Selenium Parameters</arg>
</arguments>
<msg timestamp="20200209 23:11:15.818" level="INFO">Opening browser 'headlesschrome' to base url 'http://localhost:8080/'.</msg>
<status status="PASS" starttime="20200209 23:11:15.817" endtime="20200209 23:11:17.198"></status>
</kw>
<kw name="Is Home Page Displayed" library="homepage">
<kw name="Title Should Be" library="SeleniumLibrary">
<doc>Verifies that the current page title equals ``title``.</doc>
<arguments>
<arg>${home_page_title}</arg>
<arg>message=title did not match, we are not on index page</arg>
</arguments>
<msg timestamp="20200209 23:11:17.204" level="INFO">Page title is 'index page - Demo App'.</msg>
<status status="PASS" starttime="20200209 23:11:17.200" endtime="20200209 23:11:17.204"></status>
</kw>
<status status="PASS" starttime="20200209 23:11:17.199" endtime="20200209 23:11:17.204"></status>
</kw>
<kw name="Go To Register Page" library="homepage">
<kw name="Wait Until Page Contains Element" library="SeleniumLibrary">
<doc>Waits until the element ``locator`` appears on the current page.</doc>
<arguments>
<arg>${hp_register}</arg>
</arguments>
<status status="PASS" starttime="20200209 23:11:17.205" endtime="20200209 23:11:17.217"></status>
</kw>
<kw name="Click Element" library="SeleniumLibrary">
<doc>Click the element identified by ``locator``.</doc>
<arguments>
<arg>${hp_register}</arg>
</arguments>
<msg timestamp="20200209 23:11:17.218" level="INFO">Clicking element 'xpath=//a[contains(text(), 'Register')]'.</msg>
<status status="PASS" starttime="20200209 23:11:17.217" endtime="20200209 23:11:17.289"></status>
</kw>
<status status="PASS" starttime="20200209 23:11:17.205" endtime="20200209 23:11:17.289"></status>
</kw>
<kw name="Create Fake Data" library="keywords">
<doc>Create Keyword "Create Fake Data"
The keyword takes optional parameter to define username prefix generates a random username each time.
and writes that data to a csv file to use later.
Faker is great library to generate fake test data in multiple locales.
:param prefix:
:return: list of fake data for registration</doc>
<assign>
<var>@{list_data}</var>
</assign>
<msg timestamp="20200209 23:11:17.405" level="INFO">@{list_data} = [ testuser6014d2f0 | testuser6014d2f0 | Kevin | 中島 | 8612291159 ]</msg>
<status status="PASS" starttime="20200209 23:11:17.290" endtime="20200209 23:11:17.405"></status>
</kw>
<kw name="Register User" library="registerpage">
<arguments>
<arg>@{list_data}</arg>
</arguments>
<kw name="Scroll Element Into View" library="SeleniumLibrary">
<doc>Scrolls the element identified by ``locator`` into view.</doc>
<arguments>
<arg>${rp_username}</arg>
</arguments>
<status status="PASS" starttime="20200209 23:11:17.406" endtime="20200209 23:11:17.678"></status>
</kw>
<kw name="Input Text" library="SeleniumLibrary">
<doc>Types the given ``text`` into the text field identified by ``locator``.</doc>
<arguments>
<arg>${rp_username}</arg>
<arg>${user}</arg>
</arguments>
<msg timestamp="20200209 23:11:17.678" level="INFO">Typing text 'testuser6014d2f0' into text field 'id=username'.</msg>
<status status="PASS" starttime="20200209 23:11:17.678" endtime="20200209 23:11:17.759"></status>
</kw>
<kw name="Scroll Element Into View" library="SeleniumLibrary">
<doc>Scrolls the element identified by ``locator`` into view.</doc>
<arguments>
<arg>${rp_password}</arg>
</arguments>
<status status="PASS" starttime="20200209 23:11:17.760" endtime="20200209 23:11:18.023"></status>
</kw>
<kw name="Input Text" library="SeleniumLibrary">
<doc>Types the given ``text`` into the text field identified by ``locator``.</doc>
<arguments>
<arg>${rp_password}</arg>
<arg>${pass}</arg>
</arguments>
<msg timestamp="20200209 23:11:18.024" level="INFO">Typing text 'testuser6014d2f0' into text field 'id=password'.</msg>
<status status="PASS" starttime="20200209 23:11:18.023" endtime="20200209 23:11:18.081"></status>
</kw>
<kw name="Scroll Element Into View" library="SeleniumLibrary">
<doc>Scrolls the element identified by ``locator`` into view.</doc>
<arguments>
<arg>${rp_firstname}</arg>
</arguments>
<status status="PASS" starttime="20200209 23:11:18.081" endtime="20200209 23:11:18.356"></status>
</kw>
<kw name="Input Text" library="SeleniumLibrary">
<doc>Types the given ``text`` into the text field identified by ``locator``.</doc>
<arguments>
<arg>${rp_firstname}</arg>
<arg>${fname}</arg>
</arguments>
<msg timestamp="20200209 23:11:18.356" level="INFO">Typing text 'Kevin' into text field 'id=firstname'.</msg>
<status status="PASS" starttime="20200209 23:11:18.356" endtime="20200209 23:11:18.398"></status>
</kw>
<kw name="Scroll Element Into View" library="SeleniumLibrary">
<doc>Scrolls the element identified by ``locator`` into view.</doc>
<arguments>
<arg>${rp_lastname}</arg>
</arguments>
<status status="PASS" starttime="20200209 23:11:18.398" endtime="20200209 23:11:18.673"></status>
</kw>
<kw name="Input Text" library="SeleniumLibrary">
<doc>Types the given ``text`` into the text field identified by ``locator``.</doc>
<arguments>
<arg>${rp_lastname}</arg>
<arg>${lname}</arg>
</arguments>
<msg timestamp="20200209 23:11:18.673" level="INFO">Typing text '中島' into text field 'id=lastname'.</msg>
<status status="PASS" starttime="20200209 23:11:18.673" endtime="20200209 23:11:18.727"></status>
</kw>
<kw name="Scroll Element Into View" library="SeleniumLibrary">
<doc>Scrolls the element identified by ``locator`` into view.</doc>
<arguments>
<arg>${rp_phone}</arg>
</arguments>
<status status="PASS" starttime="20200209 23:11:18.727" endtime="20200209 23:11:18.989"></status>
</kw>
<kw name="Input Text" library="SeleniumLibrary">
<doc>Types the given ``text`` into the text field identified by ``locator``.</doc>
<arguments>
<arg>${rp_phone}</arg>
<arg>${ph_num}</arg>
</arguments>
<msg timestamp="20200209 23:11:18.990" level="INFO">Typing text '8612291159' into text field 'id=phone'.</msg>
<status status="PASS" starttime="20200209 23:11:18.990" endtime="20200209 23:11:19.044"></status>
</kw>
<kw name="Click Element" library="SeleniumLibrary">
<doc>Click the element identified by ``locator``.</doc>
<arguments>
<arg>${rp_submit}</arg>
</arguments>
<msg timestamp="20200209 23:11:19.044" level="INFO">Clicking element 'xpath=//input[@value='Register']'.</msg>
<status status="PASS" starttime="20200209 23:11:19.044" endtime="20200209 23:11:19.157"></status>
</kw>
<status status="PASS" starttime="20200209 23:11:17.406" endtime="20200209 23:11:19.157"></status>
</kw>
<kw name="Registration Should Be Successful" library="registerpage">
<kw name="Is Login Page Displayed" library="loginpage">
<kw name="Title Should Be" library="SeleniumLibrary">
<doc>Verifies that the current page title equals ``title``.</doc>
<arguments>
<arg>${login_page_title}</arg>
<arg>message=title did not match, we are not on login page</arg>
</arguments>
<msg timestamp="20200209 23:11:19.161" level="INFO">Page title is 'Log In - Demo App'.</msg>
<status status="PASS" starttime="20200209 23:11:19.158" endtime="20200209 23:11:19.162"></status>
</kw>
<kw name="Get Location" library="SeleniumLibrary">
<doc>Returns the current browser window URL.</doc>
<assign>
<var>${lp_location}</var>
</assign>
<msg timestamp="20200209 23:11:19.167" level="INFO">${lp_location} = http://localhost:8080/login</msg>
<status status="PASS" starttime="20200209 23:11:19.162" endtime="20200209 23:11:19.167"></status>
</kw>
<kw name="Should Contain" library="BuiltIn">
<doc>Fails if ``container`` does not contain ``item`` one or more times.</doc>
<arguments>
<arg>${lp_location}</arg>
<arg>${login_page_url}</arg>
</arguments>
<status status="PASS" starttime="20200209 23:11:19.167" endtime="20200209 23:11:19.168"></status>
</kw>
<status status="PASS" starttime="20200209 23:11:19.158" endtime="20200209 23:11:19.168"></status>
</kw>
<status status="PASS" starttime="20200209 23:11:19.158" endtime="20200209 23:11:19.168"></status>
</kw>
<kw name="Close All Browsers" library="SeleniumLibrary" type="teardown">
<doc>Closes all open browsers and resets the browser cache.</doc>
<status status="PASS" starttime="20200209 23:11:19.168" endtime="20200209 23:11:19.229"></status>
</kw>
<tags>
<tag>registration</tag>
</tags>
<status status="PASS" starttime="20200209 23:11:15.817" endtime="20200209 23:11:19.229" critical="yes"></status>
</test>
<test id="s1-s2-s1-t2" name="TC_02 Register a Existing User Using CSV Data">
<kw name="Open Browser" library="SeleniumLibrary" type="setup">
<doc>Opens a new browser instance to the optional ``url``.</doc>
<arguments>
<arg>${BASE_URL}</arg>
<arg>${BROWSER}</arg>
<arg>Set Selenium Parameters</arg>
</arguments>
<msg timestamp="20200209 23:11:19.235" level="INFO">Opening browser 'headlesschrome' to base url 'http://localhost:8080/'.</msg>
<status status="PASS" starttime="20200209 23:11:19.234" endtime="20200209 23:11:20.611"></status>
</kw>
<kw name="Read Csv File" library="keywords">
<doc>This creates a keyword named "Read CSV File"</doc>
<arguments>
<arg>${test_data_file}</arg>
</arguments>
<assign>
<var>@{data_from_csv}</var>
</assign>
<msg timestamp="20200209 23:11:20.613" level="INFO">@{data_from_csv} = [ ['demouser101', 'password01', 'firstname01', 'familyname01', '1234567890'] ]</msg>
<status status="PASS" starttime="20200209 23:11:20.612" endtime="20200209 23:11:20.613"></status>
</kw>
<kw name="${row} IN [ @{data_from_csv} ]" type="for">
<kw name="${row} = ['demouser101', 'password01', 'firstname01', 'familyname01', '1234567890']" type="foritem">
<kw name="Go To Register Page" library="homepage">
<kw name="Wait Until Page Contains Element" library="SeleniumLibrary">
<doc>Waits until the element ``locator`` appears on the current page.</doc>
<arguments>
<arg>${hp_register}</arg>
</arguments>
<status status="PASS" starttime="20200209 23:11:20.615" endtime="20200209 23:11:20.631"></status>
</kw>
<kw name="Click Element" library="SeleniumLibrary">
<doc>Click the element identified by ``locator``.</doc>
<arguments>
<arg>${hp_register}</arg>
</arguments>
<msg timestamp="20200209 23:11:20.632" level="INFO">Clicking element 'xpath=//a[contains(text(), 'Register')]'.</msg>
<status status="PASS" starttime="20200209 23:11:20.631" endtime="20200209 23:11:20.712"></status>
</kw>
<status status="PASS" starttime="20200209 23:11:20.614" endtime="20200209 23:11:20.713"></status>
</kw>
<kw name="Register User" library="registerpage">
<arguments>
<arg>@{row}</arg>
</arguments>
<kw name="Scroll Element Into View" library="SeleniumLibrary">
<doc>Scrolls the element identified by ``locator`` into view.</doc>
<arguments>
<arg>${rp_username}</arg>
</arguments>
<status status="PASS" starttime="20200209 23:11:20.715" endtime="20200209 23:11:20.993"></status>
</kw>
<kw name="Input Text" library="SeleniumLibrary">
<doc>Types the given ``text`` into the text field identified by ``locator``.</doc>
<arguments>
<arg>${rp_username}</arg>
<arg>${user}</arg>
</arguments>
<msg timestamp="20200209 23:11:20.993" level="INFO">Typing text 'demouser101' into text field 'id=username'.</msg>
<status status="PASS" starttime="20200209 23:11:20.993" endtime="20200209 23:11:21.068"></status>
</kw>
<kw name="Scroll Element Into View" library="SeleniumLibrary">
<doc>Scrolls the element identified by ``locator`` into view.</doc>
<arguments>
<arg>${rp_password}</arg>
</arguments>
<status status="PASS" starttime="20200209 23:11:21.068" endtime="20200209 23:11:21.339"></status>
</kw>
<kw name="Input Text" library="SeleniumLibrary">
<doc>Types the given ``text`` into the text field identified by ``locator``.</doc>
<arguments>
<arg>${rp_password}</arg>
<arg>${pass}</arg>
</arguments>
<msg timestamp="20200209 23:11:21.340" level="INFO">Typing text 'password01' into text field 'id=password'.</msg>
<status status="PASS" starttime="20200209 23:11:21.340" endtime="20200209 23:11:21.388"></status>
</kw>
<kw name="Scroll Element Into View" library="SeleniumLibrary">
<doc>Scrolls the element identified by ``locator`` into view.</doc>
<arguments>
<arg>${rp_firstname}</arg>
</arguments>
<status status="PASS" starttime="20200209 23:11:21.389" endtime="20200209 23:11:21.657"></status>
</kw>
<kw name="Input Text" library="SeleniumLibrary">
<doc>Types the given ``text`` into the text field identified by ``locator``.</doc>
<arguments>
<arg>${rp_firstname}</arg>
<arg>${fname}</arg>
</arguments>
<msg timestamp="20200209 23:11:21.657" level="INFO">Typing text 'firstname01' into text field 'id=firstname'.</msg>
<status status="PASS" starttime="20200209 23:11:21.657" endtime="20200209 23:11:21.704"></status>
</kw>
<kw name="Scroll Element Into View" library="SeleniumLibrary">
<doc>Scrolls the element identified by ``locator`` into view.</doc>
<arguments>
<arg>${rp_lastname}</arg>
</arguments>
<status status="PASS" starttime="20200209 23:11:21.705" endtime="20200209 23:11:21.972"></status>
</kw>
<kw name="Input Text" library="SeleniumLibrary">
<doc>Types the given ``text`` into the text field identified by ``locator``.</doc>
<arguments>
<arg>${rp_lastname}</arg>
<arg>${lname}</arg>
</arguments>
<msg timestamp="20200209 23:11:21.973" level="INFO">Typing text 'familyname01' into text field 'id=lastname'.</msg>
<status status="PASS" starttime="20200209 23:11:21.972" endtime="20200209 23:11:22.023"></status>
</kw>
<kw name="Scroll Element Into View" library="SeleniumLibrary">
<doc>Scrolls the element identified by ``locator`` into view.</doc>
<arguments>
<arg>${rp_phone}</arg>
</arguments>
<status status="PASS" starttime="20200209 23:11:22.024" endtime="20200209 23:11:22.290"></status>
</kw>
<kw name="Input Text" library="SeleniumLibrary">
<doc>Types the given ``text`` into the text field identified by ``locator``.</doc>
<arguments>
<arg>${rp_phone}</arg>
<arg>${ph_num}</arg>
</arguments>
<msg timestamp="20200209 23:11:22.291" level="INFO">Typing text '1234567890' into text field 'id=phone'.</msg>
<status status="PASS" starttime="20200209 23:11:22.290" endtime="20200209 23:11:22.339"></status>
</kw>
<kw name="Click Element" library="SeleniumLibrary">
<doc>Click the element identified by ``locator``.</doc>
<arguments>
<arg>${rp_submit}</arg>
</arguments>
<msg timestamp="20200209 23:11:22.340" level="INFO">Clicking element 'xpath=//input[@value='Register']'.</msg>
<status status="PASS" starttime="20200209 23:11:22.340" endtime="20200209 23:11:22.386"></status>
</kw>
<status status="PASS" starttime="20200209 23:11:20.713" endtime="20200209 23:11:22.387"></status>
</kw>
<kw name="Registration Should Fail" library="registerpage">
<kw name="Page Should Contain" library="SeleniumLibrary">
<doc>Verifies that current page contains ``text``.</doc>
<arguments>
<arg>${rp_user_registered}</arg>
</arguments>
<msg timestamp="20200209 23:11:22.400" level="INFO">Current page contains text 'already registered'.</msg>
<status status="PASS" starttime="20200209 23:11:22.389" endtime="20200209 23:11:22.401"></status>
</kw>
<status status="PASS" starttime="20200209 23:11:22.388" endtime="20200209 23:11:22.401"></status>
</kw>
<status status="PASS" starttime="20200209 23:11:20.614" endtime="20200209 23:11:22.401"></status>
</kw>
<status status="PASS" starttime="20200209 23:11:20.614" endtime="20200209 23:11:22.402"></status>
</kw>
<kw name="Close All Browsers" library="SeleniumLibrary" type="teardown">
<doc>Closes all open browsers and resets the browser cache.</doc>
<status status="PASS" starttime="20200209 23:11:22.402" endtime="20200209 23:11:22.460"></status>
</kw>
<tags>
<tag>registration</tag>
</tags>
<status status="PASS" starttime="20200209 23:11:19.233" endtime="20200209 23:11:22.460" critical="yes"></status>
</test>
<doc>Test Cases related to user registration</doc>
<status status="PASS" starttime="20200209 23:11:15.695" endtime="20200209 23:11:22.464"></status>
</suite>
<status status="PASS" starttime="20200209 23:11:15.693" endtime="20200209 23:11:22.472"></status>
</suite>
<suite id="s1-s3" name="TS e2e flow" source="/Users/Aloknag/PycharmProjects/FlaskyTest/tests/TS_e2e_flow">
<suite id="s1-s3-s1" name="Ts 01 E2E Flow" source="/Users/Aloknag/PycharmProjects/FlaskyTest/tests/TS_e2e_flow/ts_01_e2e_flow.robot">
<test id="s1-s3-s1-t1" name="TC_01 Validate End To End User Flow">
<kw name="Open Browser" library="SeleniumLibrary" type="setup">
<doc>Opens a new browser instance to the optional ``url``.</doc>
<arguments>
<arg>${BASE_URL}</arg>
<arg>${BROWSER}</arg>
<arg>Set Selenium Parameters</arg>
</arguments>
<msg timestamp="20200209 23:11:22.492" level="INFO">Opening browser 'headlesschrome' to base url 'http://localhost:8080/'.</msg>
<status status="PASS" starttime="20200209 23:11:22.492" endtime="20200209 23:11:23.878"></status>
</kw>
<kw name="Is Home Page Displayed" library="homepage">
<kw name="Title Should Be" library="SeleniumLibrary">
<doc>Verifies that the current page title equals ``title``.</doc>
<arguments>
<arg>${home_page_title}</arg>
<arg>message=title did not match, we are not on index page</arg>
</arguments>
<msg timestamp="20200209 23:11:23.885" level="INFO">Page title is 'index page - Demo App'.</msg>
<status status="PASS" starttime="20200209 23:11:23.880" endtime="20200209 23:11:23.885"></status>
</kw>
<status status="PASS" starttime="20200209 23:11:23.880" endtime="20200209 23:11:23.886"></status>
</kw>
<kw name="Go To Register Page" library="homepage">
<kw name="Wait Until Page Contains Element" library="SeleniumLibrary">
<doc>Waits until the element ``locator`` appears on the current page.</doc>
<arguments>
<arg>${hp_register}</arg>
</arguments>
<status status="PASS" starttime="20200209 23:11:23.887" endtime="20200209 23:11:23.899"></status>
</kw>
<kw name="Click Element" library="SeleniumLibrary">
<doc>Click the element identified by ``locator``.</doc>
<arguments>
<arg>${hp_register}</arg>
</arguments>
<msg timestamp="20200209 23:11:23.900" level="INFO">Clicking element 'xpath=//a[contains(text(), 'Register')]'.</msg>
<status status="PASS" starttime="20200209 23:11:23.899" endtime="20200209 23:11:23.970"></status>
</kw>
<status status="PASS" starttime="20200209 23:11:23.886" endtime="20200209 23:11:23.971"></status>
</kw>
<kw name="Is Register Page Displayed" library="registerpage">
<kw name="Title Should Be" library="SeleniumLibrary">
<doc>Verifies that the current page title equals ``title``.</doc>
<arguments>
<arg>${rp_page_title}</arg>
<arg>message=title did not match, we are not on register page</arg>
</arguments>
<msg timestamp="20200209 23:11:23.986" level="INFO">Page title is 'Register - Demo App'.</msg>
<status status="PASS" starttime="20200209 23:11:23.971" endtime="20200209 23:11:23.986"></status>
</kw>
<kw name="Get Location" library="SeleniumLibrary">
<doc>Returns the current browser window URL.</doc>
<assign>
<var>${lp_location}</var>
</assign>
<msg timestamp="20200209 23:11:23.992" level="INFO">${lp_location} = http://localhost:8080/register</msg>
<status status="PASS" starttime="20200209 23:11:23.987" endtime="20200209 23:11:23.992"></status>
</kw>
<kw name="Should Contain" library="BuiltIn">
<doc>Fails if ``container`` does not contain ``item`` one or more times.</doc>
<arguments>
<arg>${lp_location}</arg>
<arg>${register_page_url}</arg>
</arguments>
<status status="PASS" starttime="20200209 23:11:23.993" endtime="20200209 23:11:23.994"></status>
</kw>
<status status="PASS" starttime="20200209 23:11:23.971" endtime="20200209 23:11:23.994"></status>
</kw>
<kw name="Create Fake Data" library="keywords">
<doc>Create Keyword "Create Fake Data"
The keyword takes optional parameter to define username prefix generates a random username each time.
and writes that data to a csv file to use later.
Faker is great library to generate fake test data in multiple locales.
:param prefix:
:return: list of fake data for registration</doc>
<assign>
<var>@{list_data}</var>
</assign>
<msg timestamp="20200209 23:11:24.080" level="INFO">@{list_data} = [ testuser640f5ccc | testuser640f5ccc | Nico | Ford | 090-4392-4900 ]</msg>
<status status="PASS" starttime="20200209 23:11:23.994" endtime="20200209 23:11:24.080"></status>
</kw>
<kw name="Register User" library="registerpage">
<arguments>
<arg>@{list_data}</arg>
</arguments>
<kw name="Scroll Element Into View" library="SeleniumLibrary">
<doc>Scrolls the element identified by ``locator`` into view.</doc>
<arguments>
<arg>${rp_username}</arg>
</arguments>
<status status="PASS" starttime="20200209 23:11:24.081" endtime="20200209 23:11:24.347"></status>
</kw>
<kw name="Input Text" library="SeleniumLibrary">
<doc>Types the given ``text`` into the text field identified by ``locator``.</doc>
<arguments>
<arg>${rp_username}</arg>
<arg>${user}</arg>
</arguments>
<msg timestamp="20200209 23:11:24.347" level="INFO">Typing text 'testuser640f5ccc' into text field 'id=username'.</msg>
<status status="PASS" starttime="20200209 23:11:24.347" endtime="20200209 23:11:24.424"></status>
</kw>
<kw name="Scroll Element Into View" library="SeleniumLibrary">
<doc>Scrolls the element identified by ``locator`` into view.</doc>
<arguments>
<arg>${rp_password}</arg>
</arguments>
<status status="PASS" starttime="20200209 23:11:24.424" endtime="20200209 23:11:24.689"></status>
</kw>
<kw name="Input Text" library="SeleniumLibrary">
<doc>Types the given ``text`` into the text field identified by ``locator``.</doc>
<arguments>
<arg>${rp_password}</arg>
<arg>${pass}</arg>
</arguments>
<msg timestamp="20200209 23:11:24.690" level="INFO">Typing text 'testuser640f5ccc' into text field 'id=password'.</msg>
<status status="PASS" starttime="20200209 23:11:24.690" endtime="20200209 23:11:24.770"></status>
</kw>
<kw name="Scroll Element Into View" library="SeleniumLibrary">
<doc>Scrolls the element identified by ``locator`` into view.</doc>
<arguments>
<arg>${rp_firstname}</arg>
</arguments>
<status status="PASS" starttime="20200209 23:11:24.770" endtime="20200209 23:11:25.039"></status>
</kw>
<kw name="Input Text" library="SeleniumLibrary">
<doc>Types the given ``text`` into the text field identified by ``locator``.</doc>
<arguments>
<arg>${rp_firstname}</arg>
<arg>${fname}</arg>
</arguments>
<msg timestamp="20200209 23:11:25.040" level="INFO">Typing text 'Nico' into text field 'id=firstname'.</msg>
<status status="PASS" starttime="20200209 23:11:25.039" endtime="20200209 23:11:25.081"></status>
</kw>
<kw name="Scroll Element Into View" library="SeleniumLibrary">
<doc>Scrolls the element identified by ``locator`` into view.</doc>
<arguments>
<arg>${rp_lastname}</arg>
</arguments>
<status status="PASS" starttime="20200209 23:11:25.081" endtime="20200209 23:11:25.355"></status>
</kw>
<kw name="Input Text" library="SeleniumLibrary">
<doc>Types the given ``text`` into the text field identified by ``locator``.</doc>
<arguments>
<arg>${rp_lastname}</arg>
<arg>${lname}</arg>
</arguments>
<msg timestamp="20200209 23:11:25.356" level="INFO">Typing text 'Ford' into text field 'id=lastname'.</msg>
<status status="PASS" starttime="20200209 23:11:25.356" endtime="20200209 23:11:25.400"></status>
</kw>
<kw name="Scroll Element Into View" library="SeleniumLibrary">
<doc>Scrolls the element identified by ``locator`` into view.</doc>
<arguments>
<arg>${rp_phone}</arg>
</arguments>
<status status="PASS" starttime="20200209 23:11:25.400" endtime="20200209 23:11:25.672"></status>
</kw>
<kw name="Input Text" library="SeleniumLibrary">
<doc>Types the given ``text`` into the text field identified by ``locator``.</doc>
<arguments>
<arg>${rp_phone}</arg>
<arg>${ph_num}</arg>
</arguments>
<msg timestamp="20200209 23:11:25.673" level="INFO">Typing text '090-4392-4900' into text field 'id=phone'.</msg>
<status status="PASS" starttime="20200209 23:11:25.672" endtime="20200209 23:11:25.729"></status>
</kw>
<kw name="Click Element" library="SeleniumLibrary">
<doc>Click the element identified by ``locator``.</doc>
<arguments>
<arg>${rp_submit}</arg>
</arguments>
<msg timestamp="20200209 23:11:25.730" level="INFO">Clicking element 'xpath=//input[@value='Register']'.</msg>
<status status="PASS" starttime="20200209 23:11:25.730" endtime="20200209 23:11:25.844"></status>
</kw>
<status status="PASS" starttime="20200209 23:11:24.081" endtime="20200209 23:11:25.844"></status>
</kw>
<kw name="Registration Should Be Successful" library="registerpage">
<kw name="Is Login Page Displayed" library="loginpage">
<kw name="Title Should Be" library="SeleniumLibrary">
<doc>Verifies that the current page title equals ``title``.</doc>
<arguments>
<arg>${login_page_title}</arg>
<arg>message=title did not match, we are not on login page</arg>
</arguments>
<msg timestamp="20200209 23:11:25.849" level="INFO">Page title is 'Log In - Demo App'.</msg>
<status status="PASS" starttime="20200209 23:11:25.845" endtime="20200209 23:11:25.849"></status>
</kw>
<kw name="Get Location" library="SeleniumLibrary">
<doc>Returns the current browser window URL.</doc>
<assign>
<var>${lp_location}</var>
</assign>
<msg timestamp="20200209 23:11:25.854" level="INFO">${lp_location} = http://localhost:8080/login</msg>
<status status="PASS" starttime="20200209 23:11:25.850" endtime="20200209 23:11:25.854"></status>
</kw>
<kw name="Should Contain" library="BuiltIn">
<doc>Fails if ``container`` does not contain ``item`` one or more times.</doc>
<arguments>
<arg>${lp_location}</arg>
<arg>${login_page_url}</arg>
</arguments>
<status status="PASS" starttime="20200209 23:11:25.856" endtime="20200209 23:11:25.856"></status>
</kw>
<status status="PASS" starttime="20200209 23:11:25.845" endtime="20200209 23:11:25.857"></status>
</kw>
<status status="PASS" starttime="20200209 23:11:25.845" endtime="20200209 23:11:25.857"></status>
</kw>
<kw name="Login As User ${list_data}[0] With Password ${list_data}[1]" library="loginpage">
<kw name="Log" library="BuiltIn">
<doc>Logs the given message with the given level.</doc>
<arguments>
<arg>User=${user}, and Pass=${pass}</arg>
</arguments>
<msg timestamp="20200209 23:11:25.859" level="INFO">User=testuser640f5ccc, and Pass=testuser640f5ccc</msg>
<status status="PASS" starttime="20200209 23:11:25.859" endtime="20200209 23:11:25.859"></status>
</kw>
<kw name="Scroll Element Into View" library="SeleniumLibrary">
<doc>Scrolls the element identified by ``locator`` into view.</doc>
<arguments>
<arg>${lp_username}</arg>
</arguments>
<status status="PASS" starttime="20200209 23:11:25.861" endtime="20200209 23:11:26.126"></status>
</kw>
<kw name="Input Text" library="SeleniumLibrary">
<doc>Types the given ``text`` into the text field identified by ``locator``.</doc>
<arguments>
<arg>${lp_username}</arg>
<arg>${user}</arg>
</arguments>
<msg timestamp="20200209 23:11:26.127" level="INFO">Typing text 'testuser640f5ccc' into text field 'id=username'.</msg>
<status status="PASS" starttime="20200209 23:11:26.126" endtime="20200209 23:11:26.180"></status>
</kw>
<kw name="Scroll Element Into View" library="SeleniumLibrary">
<doc>Scrolls the element identified by ``locator`` into view.</doc>
<arguments>
<arg>${lp_password}</arg>
</arguments>
<status status="PASS" starttime="20200209 23:11:26.181" endtime="20200209 23:11:26.459"></status>
</kw>
<kw name="Input Text" library="SeleniumLibrary">
<doc>Types the given ``text`` into the text field identified by ``locator``.</doc>
<arguments>
<arg>${lp_password}</arg>
<arg>${pass}</arg>
</arguments>
<msg timestamp="20200209 23:11:26.460" level="INFO">Typing text 'testuser640f5ccc' into text field 'id=password'.</msg>
<status status="PASS" starttime="20200209 23:11:26.459" endtime="20200209 23:11:26.523"></status>
</kw>
<kw name="Click Element" library="SeleniumLibrary">
<doc>Click the element identified by ``locator``.</doc>
<arguments>
<arg>${lp_submit}</arg>
</arguments>
<msg timestamp="20200209 23:11:26.524" level="INFO">Clicking element 'xpath=//input[@value='Log In']'.</msg>
<status status="PASS" starttime="20200209 23:11:26.524" endtime="20200209 23:11:26.643"></status>
</kw>
<status status="PASS" starttime="20200209 23:11:25.858" endtime="20200209 23:11:26.644"></status>
</kw>
<kw name="Login Should Be Successful" library="loginpage">
<kw name="Wait Until Page Contains Element" library="SeleniumLibrary">
<doc>Waits until the element ``locator`` appears on the current page.</doc>
<arguments>
<arg>${lp_loggedinText}</arg>
</arguments>
<status status="PASS" starttime="20200209 23:11:26.644" endtime="20200209 23:11:26.653"></status>
</kw>
<kw name="Page Should Contain Element" library="SeleniumLibrary">
<doc>Verifies that element ``locator`` is found on the current page.</doc>
<arguments>
<arg>${lp_loggedinText}</arg>
</arguments>
<msg timestamp="20200209 23:11:26.660" level="INFO">Current page contains element 'xpath=//h1[contains(text(), 'User Information')]'.</msg>
<status status="PASS" starttime="20200209 23:11:26.654" endtime="20200209 23:11:26.660"></status>
</kw>
<kw name="Get Cookie" library="SeleniumLibrary">
<doc>Returns information of cookie with ``name`` as an object.</doc>
<arguments>
<arg>session</arg>
</arguments>
<assign>
<var>${cookie}</var>
</assign>
<msg timestamp="20200209 23:11:26.665" level="INFO">${cookie} = name=session
value=eyJ1c2VyX2lkIjoyODF9.XkBERg.Kdlqk2Wv08kTthOpojN_PgqiaqM
path=/
domain=localhost
secure=False
httpOnly=True
expiry=None</msg>
<status status="PASS" starttime="20200209 23:11:26.661" endtime="20200209 23:11:26.665"></status>
</kw>
<kw name="Log" library="BuiltIn">
<doc>Logs the given message with the given level.</doc>
<arguments>
<arg>${cookie}</arg>
</arguments>
<msg timestamp="20200209 23:11:26.666" level="INFO">name=session
value=eyJ1c2VyX2lkIjoyODF9.XkBERg.Kdlqk2Wv08kTthOpojN_PgqiaqM
path=/
domain=localhost
secure=False
httpOnly=True
expiry=None</msg>
<status status="PASS" starttime="20200209 23:11:26.666" endtime="20200209 23:11:26.666"></status>
</kw>
<status status="PASS" starttime="20200209 23:11:26.644" endtime="20200209 23:11:26.667"></status>
</kw>
<kw name="Is User Details Page Displayed" library="userdetailspage">
<kw name="Title Should Be" library="SeleniumLibrary">
<doc>Verifies that the current page title equals ``title``.</doc>
<arguments>
<arg>${ud_page_title}</arg>
<arg>message=title did not match, we are not on user details page</arg>
</arguments>
<msg timestamp="20200209 23:11:26.673" level="INFO">Page title is 'User Information - Demo App'.</msg>
<status status="PASS" starttime="20200209 23:11:26.668" endtime="20200209 23:11:26.673"></status>
</kw>
<kw name="Get Location" library="SeleniumLibrary">
<doc>Returns the current browser window URL.</doc>
<assign>
<var>${ud_location}</var>
</assign>
<msg timestamp="20200209 23:11:26.678" level="INFO">${ud_location} = http://localhost:8080/user</msg>
<status status="PASS" starttime="20200209 23:11:26.674" endtime="20200209 23:11:26.678"></status>
</kw>
<kw name="Should Contain" library="BuiltIn">
<doc>Fails if ``container`` does not contain ``item`` one or more times.</doc>
<arguments>
<arg>${ud_location}</arg>
<arg>${users_page_url}</arg>
</arguments>
<status status="PASS" starttime="20200209 23:11:26.679" endtime="20200209 23:11:26.679"></status>
</kw>
<status status="PASS" starttime="20200209 23:11:26.667" endtime="20200209 23:11:26.679"></status>
</kw>
<kw name="Verify User Details" library="userdetailspage">
<arguments>
<arg>${list_data}[0]</arg>
<arg>${list_data}[2]</arg>
<arg>${list_data}[3]</arg>
<arg>${list_data}[4]</arg>
</arguments>
<kw name="Element Text Should Be" library="SeleniumLibrary">
<doc>Verifies that element ``locator`` contains exact the text ``expected``.</doc>
<arguments>
<arg>${ud_username}</arg>
<arg>${user}</arg>
<arg>message=username did not match</arg>
</arguments>
<msg timestamp="20200209 23:11:26.681" level="INFO">Verifying element 'id=username' contains exact text 'testuser640f5ccc'.</msg>
<status status="PASS" starttime="20200209 23:11:26.680" endtime="20200209 23:11:26.698"></status>
</kw>
<kw name="Element Text Should Be" library="SeleniumLibrary">
<doc>Verifies that element ``locator`` contains exact the text ``expected``.</doc>
<arguments>
<arg>${ud_firstname}</arg>
<arg>${fname}</arg>
<arg>message=firstname did not match</arg>
</arguments>
<msg timestamp="20200209 23:11:26.699" level="INFO">Verifying element 'id=firstname' contains exact text 'Nico'.</msg>
<status status="PASS" starttime="20200209 23:11:26.699" endtime="20200209 23:11:26.717"></status>
</kw>
<kw name="Element Text Should Be" library="SeleniumLibrary">
<doc>Verifies that element ``locator`` contains exact the text ``expected``.</doc>
<arguments>
<arg>${ud_lastname}</arg>
<arg>${lname}</arg>
<arg>message=lastname did not match</arg>
</arguments>
<msg timestamp="20200209 23:11:26.718" level="INFO">Verifying element 'id=lastname' contains exact text 'Ford'.</msg>
<status status="PASS" starttime="20200209 23:11:26.718" endtime="20200209 23:11:26.736"></status>
</kw>
<kw name="Element Text Should Be" library="SeleniumLibrary">
<doc>Verifies that element ``locator`` contains exact the text ``expected``.</doc>
<arguments>
<arg>${ud_phone}</arg>
<arg>${ph}</arg>
<arg>message=phone number did not match</arg>
</arguments>
<msg timestamp="20200209 23:11:26.737" level="INFO">Verifying element 'id=phone' contains exact text '090-4392-4900'.</msg>
<status status="PASS" starttime="20200209 23:11:26.736" endtime="20200209 23:11:26.754"></status>
</kw>
<status status="PASS" starttime="20200209 23:11:26.680" endtime="20200209 23:11:26.755"></status>
</kw>
<kw name="Log Out User" library="userdetailspage">
<kw name="Wait Until Page Contains Element" library="SeleniumLibrary">
<doc>Waits until the element ``locator`` appears on the current page.</doc>
<arguments>
<arg>${ud_logout}</arg>
</arguments>
<status status="PASS" starttime="20200209 23:11:26.756" endtime="20200209 23:11:26.765"></status>
</kw>
<kw name="Click Element" library="SeleniumLibrary">
<doc>Click the element identified by ``locator``.</doc>
<arguments>
<arg>${ud_logout}</arg>
</arguments>
<msg timestamp="20200209 23:11:26.766" level="INFO">Clicking element 'xpath=//a[contains(text(), 'Log Out')]'.</msg>
<status status="PASS" starttime="20200209 23:11:26.766" endtime="20200209 23:11:26.824"></status>
</kw>
<kw name="Is Home Page Displayed" library="homepage">
<kw name="Title Should Be" library="SeleniumLibrary">
<doc>Verifies that the current page title equals ``title``.</doc>
<arguments>
<arg>${home_page_title}</arg>
<arg>message=title did not match, we are not on index page</arg>
</arguments>
<msg timestamp="20200209 23:11:26.831" level="INFO">Page title is 'index page - Demo App'.</msg>
<status status="PASS" starttime="20200209 23:11:26.826" endtime="20200209 23:11:26.832"></status>
</kw>
<status status="PASS" starttime="20200209 23:11:26.825" endtime="20200209 23:11:26.832"></status>
</kw>
<status status="PASS" starttime="20200209 23:11:26.755" endtime="20200209 23:11:26.833"></status>
</kw>
<kw name="Close All Browsers" library="SeleniumLibrary" type="teardown">
<doc>Closes all open browsers and resets the browser cache.</doc>
<status status="PASS" starttime="20200209 23:11:26.833" endtime="20200209 23:11:26.893"></status>
</kw>
<tags>
<tag>e2e</tag>
</tags>
<status status="PASS" starttime="20200209 23:11:22.491" endtime="20200209 23:11:26.893" critical="yes"></status>
</test>
<doc>Test Cases related to end-to-end flow
register a user
login as that user and validate details</doc>
<status status="PASS" starttime="20200209 23:11:22.476" endtime="20200209 23:11:26.901"></status>
</suite>
<status status="PASS" starttime="20200209 23:11:22.473" endtime="20200209 23:11:26.909"></status>
</suite>
<status status="FAIL" starttime="20200209 23:11:05.253" endtime="20200209 23:11:26.911"></status>
</suite>
<statistics>
<total>
<stat pass="5" fail="1">Critical Tests</stat>
<stat pass="5" fail="1">All Tests</stat>
</total>
<tag>
<stat pass="1" fail="0">e2e</stat>
<stat pass="2" fail="1">login_test</stat>
<stat pass="2" fail="0">registration</stat>
</tag>
<suite>
<stat pass="5" fail="1" id="s1" name="Tests">Tests</stat>
<stat pass="2" fail="1" id="s1-s1" name="TS 01 login feature">Tests.TS 01 login feature</stat>
<stat pass="0" fail="1" id="s1-s1-s1" name="Ts 01 Valid Login Test">Tests.TS 01 login feature.Ts 01 Valid Login Test</stat>
<stat pass="2" fail="0" id="s1-s1-s2" name="Ts 02 Invalid Login Tests">Tests.TS 01 login feature.Ts 02 Invalid Login Tests</stat>
<stat pass="2" fail="0" id="s1-s2" name="TS 02 registration feature">Tests.TS 02 registration feature</stat>
<stat pass="2" fail="0" id="s1-s2-s1" name="Ts 01 Registration Test">Tests.TS 02 registration feature.Ts 01 Registration Test</stat>
<stat pass="1" fail="0" id="s1-s3" name="TS e2e flow">Tests.TS e2e flow</stat>
<stat pass="1" fail="0" id="s1-s3-s1" name="Ts 01 E2E Flow">Tests.TS e2e flow.Ts 01 E2E Flow</stat>
</suite>
</statistics>
<errors>
</errors>
</robot>
