<?xml version="1.0" encoding="UTF-8"?>
<robot generator="Robot 3.1.2 (Python 3.7.6 on darwin)" generated="20200208 21:48:49.947" rpa="false">
<suite id="s1" name="Ts 01 Registration Test" source="/Users/Aloknag/PycharmProjects/FlaskyTest/tests/TS_02_registration_feature/ts_01_registration_test.robot">
<test id="s1-t1" name="TC_01 Register a New User Using Faker Data">
<kw name="Open Browser" library="SeleniumLibrary" type="setup">
<doc>Opens a new browser instance to the optional ``url``.</doc>
<arguments>
<arg>${BASE_URL}</arg>
<arg>${BROWSER}</arg>
<arg>Set Selenium Parameters</arg>
</arguments>
<msg timestamp="20200208 21:48:50.115" level="INFO">Opening browser 'headlesschrome' to base url 'http://localhost:8080/'.</msg>
<status status="PASS" starttime="20200208 21:48:50.115" endtime="20200208 21:48:51.484"></status>
</kw>
<kw name="Is Home Page Displayed" library="homepage">
<kw name="Title Should Be" library="SeleniumLibrary">
<doc>Verifies that the current page title equals ``title``.</doc>
<arguments>
<arg>${home_page_title}</arg>
<arg>message=title did not match, we are not on index page</arg>
</arguments>
<msg timestamp="20200208 21:48:51.490" level="INFO">Page title is 'index page - Demo App'.</msg>
<status status="PASS" starttime="20200208 21:48:51.485" endtime="20200208 21:48:51.490"></status>
</kw>
<status status="PASS" starttime="20200208 21:48:51.485" endtime="20200208 21:48:51.490"></status>
</kw>
<kw name="Go To Register Page" library="homepage">
<kw name="Wait Until Page Contains Element" library="SeleniumLibrary">
<doc>Waits until the element ``locator`` appears on the current page.</doc>
<arguments>
<arg>${hp_register}</arg>
</arguments>
<status status="PASS" starttime="20200208 21:48:51.490" endtime="20200208 21:48:51.502"></status>
</kw>
<kw name="Click Element" library="SeleniumLibrary">
<doc>Click the element identified by ``locator``.</doc>
<arguments>
<arg>${hp_register}</arg>
</arguments>
<msg timestamp="20200208 21:48:51.502" level="INFO">Clicking element 'xpath=//a[contains(text(), 'Register')]'.</msg>
<status status="PASS" starttime="20200208 21:48:51.502" endtime="20200208 21:48:51.571"></status>
</kw>
<status status="PASS" starttime="20200208 21:48:51.490" endtime="20200208 21:48:51.571"></status>
</kw>
<kw name="Create Fake Data" library="keywords">
<doc>Create Keyword "Create Fake Data"
The keyword takes optional parameter to define username prefix generates a random username each time.
and writes that data to a csv file to use later.
:param prefix:
:return:</doc>
<assign>
<var>@{list_data}</var>
</assign>
<msg timestamp="20200208 21:48:51.662" level="INFO">@{list_data} = [ testuserb1c68ab0 | testuserb1c68ab0 | Maurizio | Newman | 904.184.5820 ]</msg>
<status status="PASS" starttime="20200208 21:48:51.571" endtime="20200208 21:48:51.662"></status>
</kw>
<kw name="Register User" library="registerpage">
<arguments>
<arg>@{list_data}</arg>
</arguments>
<kw name="Scroll Element Into View" library="SeleniumLibrary">
<doc>Scrolls the element identified by ``locator`` into view.</doc>
<arguments>
<arg>${rp_username}</arg>
</arguments>
<status status="PASS" starttime="20200208 21:48:51.662" endtime="20200208 21:48:51.927"></status>
</kw>
<kw name="Input Text" library="SeleniumLibrary">
<doc>Types the given ``text`` into the text field identified by ``locator``.</doc>
<arguments>
<arg>${rp_username}</arg>
<arg>${user}</arg>
</arguments>
<msg timestamp="20200208 21:48:51.928" level="INFO">Typing text 'testuserb1c68ab0' into text field 'id=username'.</msg>
<status status="PASS" starttime="20200208 21:48:51.928" endtime="20200208 21:48:52.007"></status>
</kw>
<kw name="Scroll Element Into View" library="SeleniumLibrary">
<doc>Scrolls the element identified by ``locator`` into view.</doc>
<arguments>
<arg>${rp_password}</arg>
</arguments>
<status status="PASS" starttime="20200208 21:48:52.007" endtime="20200208 21:48:52.272"></status>
</kw>
<kw name="Input Text" library="SeleniumLibrary">
<doc>Types the given ``text`` into the text field identified by ``locator``.</doc>
<arguments>
<arg>${rp_password}</arg>
<arg>${pass}</arg>
</arguments>
<msg timestamp="20200208 21:48:52.273" level="INFO">Typing text 'testuserb1c68ab0' into text field 'id=password'.</msg>
<status status="PASS" starttime="20200208 21:48:52.272" endtime="20200208 21:48:52.336"></status>
</kw>
<kw name="Scroll Element Into View" library="SeleniumLibrary">
<doc>Scrolls the element identified by ``locator`` into view.</doc>
<arguments>
<arg>${rp_firstname}</arg>
</arguments>
<status status="PASS" starttime="20200208 21:48:52.337" endtime="20200208 21:48:52.605"></status>
</kw>
<kw name="Input Text" library="SeleniumLibrary">
<doc>Types the given ``text`` into the text field identified by ``locator``.</doc>
<arguments>
<arg>${rp_firstname}</arg>
<arg>${fname}</arg>
</arguments>
<msg timestamp="20200208 21:48:52.605" level="INFO">Typing text 'Maurizio' into text field 'id=firstname'.</msg>
<status status="PASS" starttime="20200208 21:48:52.605" endtime="20200208 21:48:52.653"></status>
</kw>
<kw name="Scroll Element Into View" library="SeleniumLibrary">
<doc>Scrolls the element identified by ``locator`` into view.</doc>
<arguments>
<arg>${rp_lastname}</arg>
</arguments>
<status status="PASS" starttime="20200208 21:48:52.653" endtime="20200208 21:48:52.922"></status>
</kw>
<kw name="Input Text" library="SeleniumLibrary">
<doc>Types the given ``text`` into the text field identified by ``locator``.</doc>
<arguments>
<arg>${rp_lastname}</arg>
<arg>${lname}</arg>
</arguments>
<msg timestamp="20200208 21:48:52.923" level="INFO">Typing text 'Newman' into text field 'id=lastname'.</msg>
<status status="PASS" starttime="20200208 21:48:52.922" endtime="20200208 21:48:52.978"></status>
</kw>
<kw name="Scroll Element Into View" library="SeleniumLibrary">
<doc>Scrolls the element identified by ``locator`` into view.</doc>
<arguments>
<arg>${rp_phone}</arg>
</arguments>
<status status="PASS" starttime="20200208 21:48:52.978" endtime="20200208 21:48:53.256"></status>
</kw>
<kw name="Input Text" library="SeleniumLibrary">
<doc>Types the given ``text`` into the text field identified by ``locator``.</doc>
<arguments>
<arg>${rp_phone}</arg>
<arg>${ph_num}</arg>
</arguments>
<msg timestamp="20200208 21:48:53.257" level="INFO">Typing text '904.184.5820' into text field 'id=phone'.</msg>
<status status="PASS" starttime="20200208 21:48:53.256" endtime="20200208 21:48:53.313"></status>
</kw>
<kw name="Click Element" library="SeleniumLibrary">
<doc>Click the element identified by ``locator``.</doc>
<arguments>
<arg>${rp_submit}</arg>
</arguments>
<msg timestamp="20200208 21:48:53.314" level="INFO">Clicking element 'xpath=//input[@value='Register']'.</msg>
<status status="PASS" starttime="20200208 21:48:53.314" endtime="20200208 21:48:53.424"></status>
</kw>
<status status="PASS" starttime="20200208 21:48:51.662" endtime="20200208 21:48:53.425"></status>
</kw>
<kw name="Registration Should Be Successful" library="registerpage">
<kw name="Is Login Page Displayed" library="loginpage">
<kw name="Title Should Be" library="SeleniumLibrary">
<doc>Verifies that the current page title equals ``title``.</doc>
<arguments>
<arg>${login_page_title}</arg>
<arg>message=title did not match, we are not on login page</arg>
</arguments>
<msg timestamp="20200208 21:48:53.429" level="INFO">Page title is 'Log In - Demo App'.</msg>
<status status="PASS" starttime="20200208 21:48:53.425" endtime="20200208 21:48:53.429"></status>
</kw>
<kw name="Get Location" library="SeleniumLibrary">
<doc>Returns the current browser window URL.</doc>
<assign>
<var>${lp_location}</var>
</assign>
<msg timestamp="20200208 21:48:53.433" level="INFO">${lp_location} = http://localhost:8080/login</msg>
<status status="PASS" starttime="20200208 21:48:53.429" endtime="20200208 21:48:53.433"></status>
</kw>
<kw name="Should Contain" library="BuiltIn">
<doc>Fails if ``container`` does not contain ``item`` one or more times.</doc>
<arguments>
<arg>${lp_location}</arg>
<arg>${login_page_url}</arg>
</arguments>
<status status="PASS" starttime="20200208 21:48:53.433" endtime="20200208 21:48:53.434"></status>
</kw>
<status status="PASS" starttime="20200208 21:48:53.425" endtime="20200208 21:48:53.434"></status>
</kw>
<status status="PASS" starttime="20200208 21:48:53.425" endtime="20200208 21:48:53.434"></status>
</kw>
<kw name="Close All Browsers" library="SeleniumLibrary" type="teardown">
<doc>Closes all open browsers and resets the browser cache.</doc>
<status status="PASS" starttime="20200208 21:48:53.434" endtime="20200208 21:48:53.496"></status>
</kw>
<tags>
<tag>registration</tag>
</tags>
<status status="PASS" starttime="20200208 21:48:50.115" endtime="20200208 21:48:53.497" critical="yes"></status>
</test>
<test id="s1-t2" name="TC_02 Register a Existing User Using CSV Data">
<kw name="Open Browser" library="SeleniumLibrary" type="setup">
<doc>Opens a new browser instance to the optional ``url``.</doc>
<arguments>
<arg>${BASE_URL}</arg>
<arg>${BROWSER}</arg>
<arg>Set Selenium Parameters</arg>
</arguments>
<msg timestamp="20200208 21:48:53.504" level="INFO">Opening browser 'headlesschrome' to base url 'http://localhost:8080/'.</msg>
<status status="PASS" starttime="20200208 21:48:53.503" endtime="20200208 21:48:54.860"></status>
</kw>
<kw name="Read Csv File" library="keywords">
<doc>This creates a keyword named "Read CSV File"</doc>
<arguments>
<arg>${test_data_file}</arg>
</arguments>
<assign>
<var>@{data_from_csv}</var>
</assign>
<msg timestamp="20200208 21:48:54.861" level="INFO">@{data_from_csv} = [ ['demouser101', 'password01', 'firstname01', 'familyname01', '1234567890'] ]</msg>
<status status="PASS" starttime="20200208 21:48:54.861" endtime="20200208 21:48:54.861"></status>
</kw>
<kw name="Log Many" library="BuiltIn">
<doc>Logs the given messages as separate entries using the INFO level.</doc>
<arguments>
<arg>@{data_from_csv}</arg>
</arguments>
<msg timestamp="20200208 21:48:54.862" level="INFO">['demouser101', 'password01', 'firstname01', 'familyname01', '1234567890']</msg>
<status status="PASS" starttime="20200208 21:48:54.862" endtime="20200208 21:48:54.862"></status>
</kw>
<kw name="Go To Register Page" library="homepage">
<kw name="Wait Until Page Contains Element" library="SeleniumLibrary">
<doc>Waits until the element ``locator`` appears on the current page.</doc>
<arguments>
<arg>${hp_register}</arg>
</arguments>
<status status="PASS" starttime="20200208 21:48:54.862" endtime="20200208 21:48:54.876"></status>
</kw>
<kw name="Click Element" library="SeleniumLibrary">
<doc>Click the element identified by ``locator``.</doc>
<arguments>
<arg>${hp_register}</arg>
</arguments>
<msg timestamp="20200208 21:48:54.877" level="INFO">Clicking element 'xpath=//a[contains(text(), 'Register')]'.</msg>
<status status="PASS" starttime="20200208 21:48:54.876" endtime="20200208 21:48:54.942"></status>
</kw>
<status status="PASS" starttime="20200208 21:48:54.862" endtime="20200208 21:48:54.942"></status>
</kw>
<kw name="Register User" library="registerpage">
<arguments>
<arg>${data_from_csv}</arg>
</arguments>
<msg timestamp="20200208 21:48:54.943" level="FAIL">Keyword 'registerpage.Register User' expected 5 arguments, got 1.</msg>
<status status="FAIL" starttime="20200208 21:48:54.943" endtime="20200208 21:48:54.943"></status>
</kw>
<kw name="Close All Browsers" library="SeleniumLibrary" type="teardown">
<doc>Closes all open browsers and resets the browser cache.</doc>
<status status="PASS" starttime="20200208 21:48:54.944" endtime="20200208 21:48:55.005"></status>
</kw>
<tags>
<tag>registration</tag>
</tags>
<status status="FAIL" starttime="20200208 21:48:53.499" endtime="20200208 21:48:55.005" critical="yes">Keyword 'registerpage.Register User' expected 5 arguments, got 1.</status>
</test>
<doc>Test Cases related to user registration</doc>
<status status="FAIL" starttime="20200208 21:48:49.948" endtime="20200208 21:48:55.007"></status>
</suite>
<statistics>
<total>
<stat pass="1" fail="1">Critical Tests</stat>
<stat pass="1" fail="1">All Tests</stat>
</total>
<tag>
<stat pass="1" fail="1">registration</stat>
</tag>
<suite>
<stat pass="1" fail="1" id="s1" name="Ts 01 Registration Test">Ts 01 Registration Test</stat>
</suite>
</statistics>
<errors>
</errors>
</robot>
